mode: set
E-Commerce_Website_Database/internal/config/config.go:12.19,13.40 1 1
E-Commerce_Website_Database/internal/config/config.go:13.40,15.3 1 0
E-Commerce_Website_Database/internal/config/config.go:22.35,24.2 1 1
E-Commerce_Website_Database/internal/tools/Authentication.go:17.44,18.30 1 1
E-Commerce_Website_Database/internal/tools/Authentication.go:18.30,22.77 2 1
E-Commerce_Website_Database/internal/tools/Authentication.go:22.77,24.4 1 1
E-Commerce_Website_Database/internal/tools/Authentication.go:26.3,26.84 1 1
E-Commerce_Website_Database/internal/tools/Authentication.go:26.84,27.59 1 1
E-Commerce_Website_Database/internal/tools/Authentication.go:27.59,29.5 1 0
E-Commerce_Website_Database/internal/tools/Authentication.go:30.4,30.28 1 1
E-Commerce_Website_Database/internal/tools/Authentication.go:33.3,33.17 1 1
E-Commerce_Website_Database/internal/tools/Authentication.go:33.17,37.4 3 1
E-Commerce_Website_Database/internal/tools/Authentication.go:39.3,39.68 1 1
E-Commerce_Website_Database/internal/tools/Authentication.go:39.68,42.4 2 1
E-Commerce_Website_Database/internal/tools/Authentication.go:42.9,46.4 3 0
E-Commerce_Website_Database/internal/tools/Authentication.go:57.103,67.2 7 1
E-Commerce_Website_Database/internal/tools/checkValid.go:9.60,10.86 1 1
E-Commerce_Website_Database/internal/tools/checkValid.go:10.86,12.3 1 1
E-Commerce_Website_Database/internal/tools/checkValid.go:13.2,13.13 1 1
E-Commerce_Website_Database/internal/tools/checkValid.go:19.42,22.64 1 1
E-Commerce_Website_Database/internal/tools/checkValid.go:22.64,24.3 1 1
E-Commerce_Website_Database/internal/tools/checkValid.go:25.2,25.13 1 1
E-Commerce_Website_Database/internal/tools/checkValid.go:30.36,31.20 1 1
E-Commerce_Website_Database/internal/tools/checkValid.go:31.20,33.3 1 1
E-Commerce_Website_Database/internal/tools/checkValid.go:34.2,34.13 1 1
E-Commerce_Website_Database/internal/tools/checkValid.go:38.39,39.38 1 1
E-Commerce_Website_Database/internal/tools/checkValid.go:39.38,41.3 1 1
E-Commerce_Website_Database/internal/tools/checkValid.go:42.2,42.13 1 1
E-Commerce_Website_Database/internal/tools/checkValid.go:47.44,48.22 1 1
E-Commerce_Website_Database/internal/tools/checkValid.go:48.22,50.3 1 1
E-Commerce_Website_Database/internal/tools/checkValid.go:51.2,51.13 1 1
E-Commerce_Website_Database/internal/tools/checkValid.go:57.36,58.68 1 1
E-Commerce_Website_Database/internal/tools/checkValid.go:58.68,60.3 1 1
E-Commerce_Website_Database/internal/tools/checkValid.go:61.2,61.13 1 1
E-Commerce_Website_Database/internal/tools/checkValid.go:66.53,68.44 2 1
E-Commerce_Website_Database/internal/tools/checkValid.go:68.44,69.28 1 1
E-Commerce_Website_Database/internal/tools/checkValid.go:69.28,71.4 1 1
E-Commerce_Website_Database/internal/tools/checkValid.go:73.2,73.14 1 1
E-Commerce_Website_Database/internal/tools/checkValid.go:78.34,80.57 2 1
E-Commerce_Website_Database/internal/tools/checkValid.go:80.57,82.3 1 1
E-Commerce_Website_Database/internal/tools/checkValid.go:82.8,83.29 1 1
E-Commerce_Website_Database/internal/tools/checkValid.go:83.29,84.24 1 1
E-Commerce_Website_Database/internal/tools/checkValid.go:84.24,85.13 1 1
E-Commerce_Website_Database/internal/tools/checkValid.go:86.10,86.39 1 1
E-Commerce_Website_Database/internal/tools/checkValid.go:86.39,88.5 1 1
E-Commerce_Website_Database/internal/tools/checkValid.go:91.2,91.13 1 1
E-Commerce_Website_Database/internal/tools/checkValid.go:97.45,100.43 3 1
E-Commerce_Website_Database/internal/tools/checkValid.go:100.43,101.28 1 1
E-Commerce_Website_Database/internal/tools/checkValid.go:101.28,103.4 1 1
E-Commerce_Website_Database/internal/tools/checkValid.go:105.2,105.14 1 1
E-Commerce_Website_Database/internal/tools/checkValid.go:108.34,110.39 2 1
E-Commerce_Website_Database/internal/tools/checkValid.go:110.39,111.24 1 1
E-Commerce_Website_Database/internal/tools/checkValid.go:111.24,113.4 1 1
E-Commerce_Website_Database/internal/tools/checkValid.go:115.2,115.14 1 1
E-Commerce_Website_Database/internal/tools/tools.go:11.28,14.2 2 1
E-Commerce_Website_Database/internal/tools/tools.go:21.44,23.16 2 1
E-Commerce_Website_Database/internal/tools/tools.go:23.16,25.3 1 1
E-Commerce_Website_Database/internal/tools/tools.go:26.2,26.22 1 1
E-Commerce_Website_Database/internal/handlers/Authentication.go:11.78,18.60 2 1
E-Commerce_Website_Database/internal/handlers/Authentication.go:18.60,21.3 2 0
E-Commerce_Website_Database/internal/handlers/Authentication.go:24.2,25.16 2 1
E-Commerce_Website_Database/internal/handlers/Authentication.go:25.16,28.3 2 1
E-Commerce_Website_Database/internal/handlers/Authentication.go:29.2,29.17 1 1
E-Commerce_Website_Database/internal/handlers/Authentication.go:29.17,32.3 2 0
E-Commerce_Website_Database/internal/handlers/Authentication.go:35.2,35.112 1 1
E-Commerce_Website_Database/internal/handlers/Authentication.go:35.112,38.3 2 1
E-Commerce_Website_Database/internal/handlers/Authentication.go:41.2,42.16 2 1
E-Commerce_Website_Database/internal/handlers/Authentication.go:42.16,45.3 2 1
E-Commerce_Website_Database/internal/handlers/Authentication.go:48.2,48.52 1 1
E-Commerce_Website_Database/internal/handlers/brand_handler.go:15.44,19.67 3 1
E-Commerce_Website_Database/internal/handlers/brand_handler.go:19.67,22.3 2 1
E-Commerce_Website_Database/internal/handlers/brand_handler.go:23.2,23.30 1 1
E-Commerce_Website_Database/internal/handlers/brand_handler.go:29.45,31.16 2 1
E-Commerce_Website_Database/internal/handlers/brand_handler.go:31.16,34.3 2 0
E-Commerce_Website_Database/internal/handlers/brand_handler.go:35.2,35.31 1 1
E-Commerce_Website_Database/internal/handlers/brand_handler.go:38.51,41.56 2 1
E-Commerce_Website_Database/internal/handlers/brand_handler.go:41.56,42.43 1 1
E-Commerce_Website_Database/internal/handlers/brand_handler.go:42.43,45.4 2 1
E-Commerce_Website_Database/internal/handlers/brand_handler.go:48.2,49.16 2 1
E-Commerce_Website_Database/internal/handlers/brand_handler.go:49.16,52.3 2 1
E-Commerce_Website_Database/internal/handlers/brand_handler.go:53.2,53.90 1 1
E-Commerce_Website_Database/internal/handlers/brand_handler.go:53.90,56.3 2 0
E-Commerce_Website_Database/internal/handlers/brand_handler.go:58.2,58.31 1 1
E-Commerce_Website_Database/internal/handlers/brand_handler.go:61.47,63.52 2 1
E-Commerce_Website_Database/internal/handlers/brand_handler.go:63.52,66.3 2 0
E-Commerce_Website_Database/internal/handlers/brand_handler.go:68.2,76.56 2 1
E-Commerce_Website_Database/internal/handlers/brand_handler.go:76.56,79.3 2 1
E-Commerce_Website_Database/internal/handlers/brand_handler.go:81.2,81.48 1 1
E-Commerce_Website_Database/internal/handlers/brand_handler.go:81.48,84.3 2 0
E-Commerce_Website_Database/internal/handlers/brand_handler.go:86.2,86.35 1 1
E-Commerce_Website_Database/internal/handlers/brand_handler.go:91.47,94.33 2 1
E-Commerce_Website_Database/internal/handlers/brand_handler.go:94.33,97.3 2 0
E-Commerce_Website_Database/internal/handlers/brand_handler.go:99.2,100.56 2 1
E-Commerce_Website_Database/internal/handlers/brand_handler.go:100.56,103.3 2 0
E-Commerce_Website_Database/internal/handlers/brand_handler.go:105.2,106.67 2 1
E-Commerce_Website_Database/internal/handlers/brand_handler.go:106.67,109.3 2 0
E-Commerce_Website_Database/internal/handlers/brand_handler.go:111.2,114.60 3 1
E-Commerce_Website_Database/internal/handlers/brand_handler.go:114.60,117.3 2 1
E-Commerce_Website_Database/internal/handlers/brand_handler.go:119.2,119.46 1 1
E-Commerce_Website_Database/internal/handlers/brand_handler.go:119.46,122.3 2 0
E-Commerce_Website_Database/internal/handlers/brand_handler.go:124.2,124.30 1 1
E-Commerce_Website_Database/internal/handlers/brand_handler.go:129.47,133.42 3 1
E-Commerce_Website_Database/internal/handlers/brand_handler.go:133.42,137.3 3 1
E-Commerce_Website_Database/internal/handlers/brand_handler.go:139.2,139.98 1 1
E-Commerce_Website_Database/internal/handlers/brand_handler.go:139.98,142.3 2 0
E-Commerce_Website_Database/internal/handlers/brand_handler.go:144.2,144.35 1 1
E-Commerce_Website_Database/internal/handlers/brand_handler.go:147.76,148.14 1 1
E-Commerce_Website_Database/internal/handlers/brand_handler.go:149.37,150.53 1 1
E-Commerce_Website_Database/internal/handlers/brand_handler.go:151.51,152.60 1 0
E-Commerce_Website_Database/internal/handlers/brand_handler.go:154.2,154.19 1 1
E-Commerce_Website_Database/internal/handlers/category_handler.go:15.47,19.70 3 1
E-Commerce_Website_Database/internal/handlers/category_handler.go:19.70,22.3 2 1
E-Commerce_Website_Database/internal/handlers/category_handler.go:23.2,23.33 1 1
E-Commerce_Website_Database/internal/handlers/category_handler.go:30.49,32.16 2 1
E-Commerce_Website_Database/internal/handlers/category_handler.go:32.16,35.3 2 0
E-Commerce_Website_Database/internal/handlers/category_handler.go:36.2,36.35 1 1
E-Commerce_Website_Database/internal/handlers/category_handler.go:39.55,42.56 2 1
E-Commerce_Website_Database/internal/handlers/category_handler.go:42.56,43.43 1 1
E-Commerce_Website_Database/internal/handlers/category_handler.go:43.43,46.4 2 1
E-Commerce_Website_Database/internal/handlers/category_handler.go:49.2,50.16 2 1
E-Commerce_Website_Database/internal/handlers/category_handler.go:50.16,53.3 2 1
E-Commerce_Website_Database/internal/handlers/category_handler.go:54.2,54.98 1 1
E-Commerce_Website_Database/internal/handlers/category_handler.go:54.98,57.3 2 0
E-Commerce_Website_Database/internal/handlers/category_handler.go:58.2,58.35 1 1
E-Commerce_Website_Database/internal/handlers/category_handler.go:63.50,65.55 2 1
E-Commerce_Website_Database/internal/handlers/category_handler.go:65.55,68.3 2 0
E-Commerce_Website_Database/internal/handlers/category_handler.go:70.2,78.65 2 1
E-Commerce_Website_Database/internal/handlers/category_handler.go:78.65,81.3 2 1
E-Commerce_Website_Database/internal/handlers/category_handler.go:83.2,83.51 1 1
E-Commerce_Website_Database/internal/handlers/category_handler.go:83.51,86.3 2 0
E-Commerce_Website_Database/internal/handlers/category_handler.go:88.2,88.38 1 1
E-Commerce_Website_Database/internal/handlers/category_handler.go:93.50,96.36 2 1
E-Commerce_Website_Database/internal/handlers/category_handler.go:96.36,99.3 2 0
E-Commerce_Website_Database/internal/handlers/category_handler.go:101.2,102.59 2 1
E-Commerce_Website_Database/internal/handlers/category_handler.go:102.59,105.3 2 0
E-Commerce_Website_Database/internal/handlers/category_handler.go:107.2,108.70 2 1
E-Commerce_Website_Database/internal/handlers/category_handler.go:108.70,111.3 2 0
E-Commerce_Website_Database/internal/handlers/category_handler.go:113.2,116.69 3 1
E-Commerce_Website_Database/internal/handlers/category_handler.go:116.69,119.3 2 1
E-Commerce_Website_Database/internal/handlers/category_handler.go:121.2,121.49 1 1
E-Commerce_Website_Database/internal/handlers/category_handler.go:121.49,124.3 2 0
E-Commerce_Website_Database/internal/handlers/category_handler.go:126.2,126.33 1 1
E-Commerce_Website_Database/internal/handlers/category_handler.go:131.50,135.45 3 1
E-Commerce_Website_Database/internal/handlers/category_handler.go:135.45,139.3 3 1
E-Commerce_Website_Database/internal/handlers/category_handler.go:141.2,141.100 1 1
E-Commerce_Website_Database/internal/handlers/category_handler.go:141.100,144.3 2 0
E-Commerce_Website_Database/internal/handlers/category_handler.go:146.2,146.35 1 1
E-Commerce_Website_Database/internal/handlers/category_handler.go:149.89,150.14 1 1
E-Commerce_Website_Database/internal/handlers/category_handler.go:151.43,152.53 1 1
E-Commerce_Website_Database/internal/handlers/category_handler.go:153.57,154.60 1 0
E-Commerce_Website_Database/internal/handlers/category_handler.go:156.2,156.19 1 1
E-Commerce_Website_Database/internal/handlers/orderItem_handler.go:16.48,20.71 3 1
E-Commerce_Website_Database/internal/handlers/orderItem_handler.go:20.71,23.3 2 1
E-Commerce_Website_Database/internal/handlers/orderItem_handler.go:24.2,24.34 1 1
E-Commerce_Website_Database/internal/handlers/orderItem_handler.go:30.49,32.16 2 1
E-Commerce_Website_Database/internal/handlers/orderItem_handler.go:32.16,35.3 2 0
E-Commerce_Website_Database/internal/handlers/orderItem_handler.go:36.2,36.35 1 1
E-Commerce_Website_Database/internal/handlers/orderItem_handler.go:39.55,42.83 2 1
E-Commerce_Website_Database/internal/handlers/orderItem_handler.go:42.83,43.43 1 1
E-Commerce_Website_Database/internal/handlers/orderItem_handler.go:43.43,45.17 2 1
E-Commerce_Website_Database/internal/handlers/orderItem_handler.go:46.46,47.60 1 1
E-Commerce_Website_Database/internal/handlers/orderItem_handler.go:47.60,49.6 1 1
E-Commerce_Website_Database/internal/handlers/orderItem_handler.go:50.20,51.70 1 0
E-Commerce_Website_Database/internal/handlers/orderItem_handler.go:51.70,53.6 1 0
E-Commerce_Website_Database/internal/handlers/orderItem_handler.go:58.2,59.16 2 1
E-Commerce_Website_Database/internal/handlers/orderItem_handler.go:59.16,62.3 2 0
E-Commerce_Website_Database/internal/handlers/orderItem_handler.go:64.2,64.26 1 1
E-Commerce_Website_Database/internal/handlers/orderItem_handler.go:64.26,67.3 2 1
E-Commerce_Website_Database/internal/handlers/orderItem_handler.go:69.2,69.35 1 1
E-Commerce_Website_Database/internal/handlers/orderItem_handler.go:75.51,77.56 2 1
E-Commerce_Website_Database/internal/handlers/orderItem_handler.go:77.56,80.3 2 1
E-Commerce_Website_Database/internal/handlers/orderItem_handler.go:82.2,92.72 2 1
E-Commerce_Website_Database/internal/handlers/orderItem_handler.go:92.72,95.3 2 0
E-Commerce_Website_Database/internal/handlers/orderItem_handler.go:97.2,97.52 1 1
E-Commerce_Website_Database/internal/handlers/orderItem_handler.go:97.52,100.3 2 0
E-Commerce_Website_Database/internal/handlers/orderItem_handler.go:102.2,102.39 1 1
E-Commerce_Website_Database/internal/handlers/orderItem_handler.go:108.51,111.37 2 1
E-Commerce_Website_Database/internal/handlers/orderItem_handler.go:111.37,114.3 2 0
E-Commerce_Website_Database/internal/handlers/orderItem_handler.go:116.2,117.60 2 1
E-Commerce_Website_Database/internal/handlers/orderItem_handler.go:117.60,120.3 2 1
E-Commerce_Website_Database/internal/handlers/orderItem_handler.go:122.2,123.71 2 1
E-Commerce_Website_Database/internal/handlers/orderItem_handler.go:123.71,126.3 2 0
E-Commerce_Website_Database/internal/handlers/orderItem_handler.go:128.2,133.76 5 1
E-Commerce_Website_Database/internal/handlers/orderItem_handler.go:133.76,136.3 2 0
E-Commerce_Website_Database/internal/handlers/orderItem_handler.go:138.2,138.50 1 1
E-Commerce_Website_Database/internal/handlers/orderItem_handler.go:138.50,141.3 2 0
E-Commerce_Website_Database/internal/handlers/orderItem_handler.go:143.2,143.34 1 1
E-Commerce_Website_Database/internal/handlers/orderItem_handler.go:148.51,152.46 3 1
E-Commerce_Website_Database/internal/handlers/orderItem_handler.go:152.46,156.3 3 1
E-Commerce_Website_Database/internal/handlers/orderItem_handler.go:158.2,158.92 1 1
E-Commerce_Website_Database/internal/handlers/orderItem_handler.go:158.92,161.3 2 0
E-Commerce_Website_Database/internal/handlers/orderItem_handler.go:163.2,163.35 1 1
E-Commerce_Website_Database/internal/handlers/orderItem_handler.go:166.107,167.14 1 1
E-Commerce_Website_Database/internal/handlers/orderItem_handler.go:168.56,169.62 1 0
E-Commerce_Website_Database/internal/handlers/orderItem_handler.go:170.60,171.64 1 0
E-Commerce_Website_Database/internal/handlers/orderItem_handler.go:172.53,173.46 1 0
E-Commerce_Website_Database/internal/handlers/orderItem_handler.go:174.53,175.46 1 0
E-Commerce_Website_Database/internal/handlers/orderItem_handler.go:177.2,177.19 1 1
E-Commerce_Website_Database/internal/handlers/order_handler.go:16.44,20.67 3 1
E-Commerce_Website_Database/internal/handlers/order_handler.go:20.67,23.3 2 1
E-Commerce_Website_Database/internal/handlers/order_handler.go:24.2,24.30 1 1
E-Commerce_Website_Database/internal/handlers/order_handler.go:30.45,32.16 2 1
E-Commerce_Website_Database/internal/handlers/order_handler.go:32.16,35.3 2 0
E-Commerce_Website_Database/internal/handlers/order_handler.go:36.2,36.31 1 1
E-Commerce_Website_Database/internal/handlers/order_handler.go:39.51,42.84 2 1
E-Commerce_Website_Database/internal/handlers/order_handler.go:42.84,43.43 1 1
E-Commerce_Website_Database/internal/handlers/order_handler.go:43.43,45.17 2 1
E-Commerce_Website_Database/internal/handlers/order_handler.go:46.19,47.60 1 0
E-Commerce_Website_Database/internal/handlers/order_handler.go:47.60,49.6 1 0
E-Commerce_Website_Database/internal/handlers/order_handler.go:50.22,51.37 1 0
E-Commerce_Website_Database/internal/handlers/order_handler.go:52.24,53.70 1 0
E-Commerce_Website_Database/internal/handlers/order_handler.go:53.70,55.6 1 0
E-Commerce_Website_Database/internal/handlers/order_handler.go:56.18,57.54 1 1
E-Commerce_Website_Database/internal/handlers/order_handler.go:58.12,59.37 1 0
E-Commerce_Website_Database/internal/handlers/order_handler.go:64.2,65.16 2 1
E-Commerce_Website_Database/internal/handlers/order_handler.go:65.16,68.3 2 0
E-Commerce_Website_Database/internal/handlers/order_handler.go:70.2,70.22 1 1
E-Commerce_Website_Database/internal/handlers/order_handler.go:70.22,73.3 2 1
E-Commerce_Website_Database/internal/handlers/order_handler.go:75.2,75.31 1 1
E-Commerce_Website_Database/internal/handlers/order_handler.go:78.47,80.52 2 1
E-Commerce_Website_Database/internal/handlers/order_handler.go:80.52,83.3 2 1
E-Commerce_Website_Database/internal/handlers/order_handler.go:85.2,95.60 2 1
E-Commerce_Website_Database/internal/handlers/order_handler.go:95.60,98.3 2 0
E-Commerce_Website_Database/internal/handlers/order_handler.go:100.2,100.48 1 1
E-Commerce_Website_Database/internal/handlers/order_handler.go:100.48,103.3 2 0
E-Commerce_Website_Database/internal/handlers/order_handler.go:105.2,105.35 1 1
E-Commerce_Website_Database/internal/handlers/order_handler.go:110.47,113.33 2 1
E-Commerce_Website_Database/internal/handlers/order_handler.go:113.33,116.3 2 0
E-Commerce_Website_Database/internal/handlers/order_handler.go:118.2,119.56 2 1
E-Commerce_Website_Database/internal/handlers/order_handler.go:119.56,122.3 2 1
E-Commerce_Website_Database/internal/handlers/order_handler.go:124.2,125.67 2 1
E-Commerce_Website_Database/internal/handlers/order_handler.go:125.67,128.3 2 0
E-Commerce_Website_Database/internal/handlers/order_handler.go:130.2,135.64 5 1
E-Commerce_Website_Database/internal/handlers/order_handler.go:135.64,138.3 2 0
E-Commerce_Website_Database/internal/handlers/order_handler.go:140.2,140.46 1 1
E-Commerce_Website_Database/internal/handlers/order_handler.go:140.46,143.3 2 0
E-Commerce_Website_Database/internal/handlers/order_handler.go:145.2,145.30 1 1
E-Commerce_Website_Database/internal/handlers/order_handler.go:150.47,154.42 3 1
E-Commerce_Website_Database/internal/handlers/order_handler.go:154.42,158.3 3 1
E-Commerce_Website_Database/internal/handlers/order_handler.go:160.2,160.97 1 1
E-Commerce_Website_Database/internal/handlers/order_handler.go:160.97,163.3 2 0
E-Commerce_Website_Database/internal/handlers/order_handler.go:165.2,165.35 1 1
E-Commerce_Website_Database/internal/handlers/order_handler.go:168.87,169.14 1 1
E-Commerce_Website_Database/internal/handlers/order_handler.go:170.46,171.61 1 0
E-Commerce_Website_Database/internal/handlers/order_handler.go:172.48,173.56 1 0
E-Commerce_Website_Database/internal/handlers/order_handler.go:174.52,175.44 1 0
E-Commerce_Website_Database/internal/handlers/order_handler.go:176.41,177.60 1 0
E-Commerce_Website_Database/internal/handlers/order_handler.go:179.2,179.19 1 1
E-Commerce_Website_Database/internal/handlers/payment_handler.go:16.46,20.69 3 1
E-Commerce_Website_Database/internal/handlers/payment_handler.go:20.69,23.3 2 1
E-Commerce_Website_Database/internal/handlers/payment_handler.go:24.2,24.32 1 1
E-Commerce_Website_Database/internal/handlers/payment_handler.go:29.47,31.16 2 1
E-Commerce_Website_Database/internal/handlers/payment_handler.go:31.16,34.3 2 0
E-Commerce_Website_Database/internal/handlers/payment_handler.go:35.2,35.33 1 1
E-Commerce_Website_Database/internal/handlers/payment_handler.go:38.53,41.99 2 1
E-Commerce_Website_Database/internal/handlers/payment_handler.go:41.99,42.43 1 1
E-Commerce_Website_Database/internal/handlers/payment_handler.go:42.43,44.17 2 1
E-Commerce_Website_Database/internal/handlers/payment_handler.go:45.20,46.60 1 0
E-Commerce_Website_Database/internal/handlers/payment_handler.go:46.60,48.6 1 0
E-Commerce_Website_Database/internal/handlers/payment_handler.go:49.18,50.70 1 0
E-Commerce_Website_Database/internal/handlers/payment_handler.go:50.70,52.6 1 0
E-Commerce_Website_Database/internal/handlers/payment_handler.go:53.36,54.54 1 1
E-Commerce_Website_Database/internal/handlers/payment_handler.go:55.24,56.37 1 0
E-Commerce_Website_Database/internal/handlers/payment_handler.go:57.12,58.37 1 0
E-Commerce_Website_Database/internal/handlers/payment_handler.go:63.2,64.16 2 1
E-Commerce_Website_Database/internal/handlers/payment_handler.go:64.16,67.3 2 0
E-Commerce_Website_Database/internal/handlers/payment_handler.go:69.2,69.24 1 1
E-Commerce_Website_Database/internal/handlers/payment_handler.go:69.24,72.3 2 0
E-Commerce_Website_Database/internal/handlers/payment_handler.go:74.2,74.33 1 1
E-Commerce_Website_Database/internal/handlers/payment_handler.go:77.49,79.54 2 1
E-Commerce_Website_Database/internal/handlers/payment_handler.go:79.54,82.3 2 1
E-Commerce_Website_Database/internal/handlers/payment_handler.go:84.2,95.66 2 1
E-Commerce_Website_Database/internal/handlers/payment_handler.go:95.66,98.3 2 0
E-Commerce_Website_Database/internal/handlers/payment_handler.go:100.2,100.50 1 1
E-Commerce_Website_Database/internal/handlers/payment_handler.go:100.50,103.3 2 0
E-Commerce_Website_Database/internal/handlers/payment_handler.go:105.2,105.37 1 1
E-Commerce_Website_Database/internal/handlers/payment_handler.go:110.49,113.35 2 1
E-Commerce_Website_Database/internal/handlers/payment_handler.go:113.35,116.3 2 0
E-Commerce_Website_Database/internal/handlers/payment_handler.go:118.2,119.58 2 1
E-Commerce_Website_Database/internal/handlers/payment_handler.go:119.58,122.3 2 1
E-Commerce_Website_Database/internal/handlers/payment_handler.go:124.2,125.69 2 1
E-Commerce_Website_Database/internal/handlers/payment_handler.go:125.69,128.3 2 0
E-Commerce_Website_Database/internal/handlers/payment_handler.go:130.2,136.70 6 1
E-Commerce_Website_Database/internal/handlers/payment_handler.go:136.70,139.3 2 0
E-Commerce_Website_Database/internal/handlers/payment_handler.go:141.2,141.48 1 1
E-Commerce_Website_Database/internal/handlers/payment_handler.go:141.48,144.3 2 0
E-Commerce_Website_Database/internal/handlers/payment_handler.go:146.2,146.32 1 1
E-Commerce_Website_Database/internal/handlers/payment_handler.go:151.49,155.44 3 1
E-Commerce_Website_Database/internal/handlers/payment_handler.go:155.44,159.3 3 1
E-Commerce_Website_Database/internal/handlers/payment_handler.go:161.2,161.99 1 1
E-Commerce_Website_Database/internal/handlers/payment_handler.go:161.99,164.3 2 0
E-Commerce_Website_Database/internal/handlers/payment_handler.go:166.2,166.35 1 1
E-Commerce_Website_Database/internal/handlers/payment_handler.go:169.97,170.14 1 1
E-Commerce_Website_Database/internal/handlers/payment_handler.go:171.52,172.62 1 0
E-Commerce_Website_Database/internal/handlers/payment_handler.go:173.60,174.60 1 0
E-Commerce_Website_Database/internal/handlers/payment_handler.go:175.45,176.44 1 0
E-Commerce_Website_Database/internal/handlers/payment_handler.go:177.56,178.50 1 0
E-Commerce_Website_Database/internal/handlers/payment_handler.go:179.45,180.60 1 0
E-Commerce_Website_Database/internal/handlers/payment_handler.go:182.2,182.19 1 1
E-Commerce_Website_Database/internal/handlers/product_handler.go:16.46,20.69 3 1
E-Commerce_Website_Database/internal/handlers/product_handler.go:20.69,23.3 2 1
E-Commerce_Website_Database/internal/handlers/product_handler.go:24.2,24.32 1 1
E-Commerce_Website_Database/internal/handlers/product_handler.go:29.47,31.16 2 1
E-Commerce_Website_Database/internal/handlers/product_handler.go:31.16,34.3 2 0
E-Commerce_Website_Database/internal/handlers/product_handler.go:35.2,35.33 1 1
E-Commerce_Website_Database/internal/handlers/product_handler.go:40.53,43.114 2 1
E-Commerce_Website_Database/internal/handlers/product_handler.go:43.114,44.43 1 1
E-Commerce_Website_Database/internal/handlers/product_handler.go:44.43,46.53 2 1
E-Commerce_Website_Database/internal/handlers/product_handler.go:46.53,47.70 1 0
E-Commerce_Website_Database/internal/handlers/product_handler.go:47.70,49.6 1 0
E-Commerce_Website_Database/internal/handlers/product_handler.go:50.10,52.5 1 1
E-Commerce_Website_Database/internal/handlers/product_handler.go:57.2,58.16 2 1
E-Commerce_Website_Database/internal/handlers/product_handler.go:58.16,61.3 2 0
E-Commerce_Website_Database/internal/handlers/product_handler.go:63.2,63.24 1 1
E-Commerce_Website_Database/internal/handlers/product_handler.go:63.24,66.3 2 1
E-Commerce_Website_Database/internal/handlers/product_handler.go:68.2,68.33 1 1
E-Commerce_Website_Database/internal/handlers/product_handler.go:73.49,75.54 2 1
E-Commerce_Website_Database/internal/handlers/product_handler.go:75.54,78.3 2 1
E-Commerce_Website_Database/internal/handlers/product_handler.go:80.2,92.66 2 1
E-Commerce_Website_Database/internal/handlers/product_handler.go:92.66,95.3 2 0
E-Commerce_Website_Database/internal/handlers/product_handler.go:97.2,97.50 1 1
E-Commerce_Website_Database/internal/handlers/product_handler.go:97.50,100.3 2 0
E-Commerce_Website_Database/internal/handlers/product_handler.go:102.2,102.37 1 1
E-Commerce_Website_Database/internal/handlers/product_handler.go:107.49,110.35 2 1
E-Commerce_Website_Database/internal/handlers/product_handler.go:110.35,113.3 2 1
E-Commerce_Website_Database/internal/handlers/product_handler.go:115.2,116.54 2 1
E-Commerce_Website_Database/internal/handlers/product_handler.go:116.54,119.3 2 0
E-Commerce_Website_Database/internal/handlers/product_handler.go:121.2,122.69 2 1
E-Commerce_Website_Database/internal/handlers/product_handler.go:122.69,125.3 2 0
E-Commerce_Website_Database/internal/handlers/product_handler.go:127.2,134.66 7 1
E-Commerce_Website_Database/internal/handlers/product_handler.go:134.66,137.3 2 0
E-Commerce_Website_Database/internal/handlers/product_handler.go:139.2,139.48 1 1
E-Commerce_Website_Database/internal/handlers/product_handler.go:139.48,142.3 2 0
E-Commerce_Website_Database/internal/handlers/product_handler.go:144.2,144.32 1 1
E-Commerce_Website_Database/internal/handlers/product_handler.go:149.49,153.44 3 1
E-Commerce_Website_Database/internal/handlers/product_handler.go:153.44,157.3 3 1
E-Commerce_Website_Database/internal/handlers/product_handler.go:159.2,159.99 1 1
E-Commerce_Website_Database/internal/handlers/product_handler.go:159.99,162.3 2 0
E-Commerce_Website_Database/internal/handlers/product_handler.go:163.2,163.67 1 1
E-Commerce_Website_Database/internal/handlers/product_handler.go:168.97,169.14 1 1
E-Commerce_Website_Database/internal/handlers/product_handler.go:170.41,171.53 1 0
E-Commerce_Website_Database/internal/handlers/product_handler.go:172.55,173.60 1 0
E-Commerce_Website_Database/internal/handlers/product_handler.go:174.43,175.43 1 0
E-Commerce_Website_Database/internal/handlers/product_handler.go:176.60,177.52 1 0
E-Commerce_Website_Database/internal/handlers/product_handler.go:178.52,179.62 1 0
E-Commerce_Website_Database/internal/handlers/product_handler.go:180.58,181.65 1 0
E-Commerce_Website_Database/internal/handlers/product_handler.go:183.2,183.19 1 1
E-Commerce_Website_Database/internal/handlers/review_handler.go:14.45,18.68 3 1
E-Commerce_Website_Database/internal/handlers/review_handler.go:18.68,21.3 2 1
E-Commerce_Website_Database/internal/handlers/review_handler.go:22.2,22.31 1 1
E-Commerce_Website_Database/internal/handlers/review_handler.go:25.46,27.16 2 1
E-Commerce_Website_Database/internal/handlers/review_handler.go:27.16,30.3 2 0
E-Commerce_Website_Database/internal/handlers/review_handler.go:31.2,31.32 1 1
E-Commerce_Website_Database/internal/handlers/review_handler.go:34.52,37.94 2 1
E-Commerce_Website_Database/internal/handlers/review_handler.go:37.94,38.43 1 1
E-Commerce_Website_Database/internal/handlers/review_handler.go:38.43,40.17 2 1
E-Commerce_Website_Database/internal/handlers/review_handler.go:41.43,42.60 1 1
E-Commerce_Website_Database/internal/handlers/review_handler.go:42.60,44.6 1 1
E-Commerce_Website_Database/internal/handlers/review_handler.go:45.34,46.37 1 0
E-Commerce_Website_Database/internal/handlers/review_handler.go:47.12,48.37 1 0
E-Commerce_Website_Database/internal/handlers/review_handler.go:53.2,54.16 2 1
E-Commerce_Website_Database/internal/handlers/review_handler.go:54.16,57.3 2 0
E-Commerce_Website_Database/internal/handlers/review_handler.go:59.2,59.23 1 1
E-Commerce_Website_Database/internal/handlers/review_handler.go:59.23,62.3 2 1
E-Commerce_Website_Database/internal/handlers/review_handler.go:64.2,64.32 1 1
E-Commerce_Website_Database/internal/handlers/review_handler.go:67.48,69.53 2 1
E-Commerce_Website_Database/internal/handlers/review_handler.go:69.53,72.3 2 0
E-Commerce_Website_Database/internal/handlers/review_handler.go:74.2,85.63 2 1
E-Commerce_Website_Database/internal/handlers/review_handler.go:85.63,88.3 2 1
E-Commerce_Website_Database/internal/handlers/review_handler.go:90.2,90.49 1 1
E-Commerce_Website_Database/internal/handlers/review_handler.go:90.49,93.3 2 0
E-Commerce_Website_Database/internal/handlers/review_handler.go:95.2,95.36 1 1
E-Commerce_Website_Database/internal/handlers/review_handler.go:98.48,101.34 2 1
E-Commerce_Website_Database/internal/handlers/review_handler.go:101.34,104.3 2 1
E-Commerce_Website_Database/internal/handlers/review_handler.go:106.2,107.57 2 1
E-Commerce_Website_Database/internal/handlers/review_handler.go:107.57,110.3 2 0
E-Commerce_Website_Database/internal/handlers/review_handler.go:112.2,113.68 2 1
E-Commerce_Website_Database/internal/handlers/review_handler.go:113.68,116.3 2 0
E-Commerce_Website_Database/internal/handlers/review_handler.go:118.2,124.67 6 1
E-Commerce_Website_Database/internal/handlers/review_handler.go:124.67,127.3 2 0
E-Commerce_Website_Database/internal/handlers/review_handler.go:129.2,129.47 1 1
E-Commerce_Website_Database/internal/handlers/review_handler.go:129.47,132.3 2 0
E-Commerce_Website_Database/internal/handlers/review_handler.go:134.2,134.31 1 1
E-Commerce_Website_Database/internal/handlers/review_handler.go:137.48,141.43 3 1
E-Commerce_Website_Database/internal/handlers/review_handler.go:141.43,145.3 3 1
E-Commerce_Website_Database/internal/handlers/review_handler.go:147.2,147.98 1 1
E-Commerce_Website_Database/internal/handlers/review_handler.go:147.98,150.3 2 0
E-Commerce_Website_Database/internal/handlers/review_handler.go:152.2,152.35 1 1
E-Commerce_Website_Database/internal/handlers/review_handler.go:155.92,156.14 1 1
E-Commerce_Website_Database/internal/handlers/review_handler.go:157.54,158.64 1 1
E-Commerce_Website_Database/internal/handlers/review_handler.go:159.48,160.61 1 0
E-Commerce_Website_Database/internal/handlers/review_handler.go:161.43,162.68 1 0
E-Commerce_Website_Database/internal/handlers/review_handler.go:163.45,164.54 1 0
E-Commerce_Website_Database/internal/handlers/review_handler.go:165.52,166.57 1 0
E-Commerce_Website_Database/internal/handlers/review_handler.go:168.2,168.19 1 1
E-Commerce_Website_Database/internal/handlers/shippingDetails_handler.go:14.53,18.76 3 1
E-Commerce_Website_Database/internal/handlers/shippingDetails_handler.go:18.76,21.3 2 1
E-Commerce_Website_Database/internal/handlers/shippingDetails_handler.go:22.2,22.39 1 1
E-Commerce_Website_Database/internal/handlers/shippingDetails_handler.go:25.54,27.16 2 1
E-Commerce_Website_Database/internal/handlers/shippingDetails_handler.go:27.16,30.3 2 0
E-Commerce_Website_Database/internal/handlers/shippingDetails_handler.go:31.2,31.40 1 1
E-Commerce_Website_Database/internal/handlers/shippingDetails_handler.go:34.60,37.104 2 1
E-Commerce_Website_Database/internal/handlers/shippingDetails_handler.go:37.104,38.43 1 1
E-Commerce_Website_Database/internal/handlers/shippingDetails_handler.go:38.43,40.17 2 1
E-Commerce_Website_Database/internal/handlers/shippingDetails_handler.go:41.20,42.60 1 0
E-Commerce_Website_Database/internal/handlers/shippingDetails_handler.go:42.60,44.6 1 0
E-Commerce_Website_Database/internal/handlers/shippingDetails_handler.go:45.57,46.37 1 0
E-Commerce_Website_Database/internal/handlers/shippingDetails_handler.go:47.18,48.54 1 1
E-Commerce_Website_Database/internal/handlers/shippingDetails_handler.go:49.12,50.37 1 0
E-Commerce_Website_Database/internal/handlers/shippingDetails_handler.go:55.2,56.16 2 1
E-Commerce_Website_Database/internal/handlers/shippingDetails_handler.go:56.16,59.3 2 0
E-Commerce_Website_Database/internal/handlers/shippingDetails_handler.go:61.2,61.30 1 1
E-Commerce_Website_Database/internal/handlers/shippingDetails_handler.go:61.30,64.3 2 1
E-Commerce_Website_Database/internal/handlers/shippingDetails_handler.go:66.2,66.39 1 1
E-Commerce_Website_Database/internal/handlers/shippingDetails_handler.go:69.56,71.61 2 1
E-Commerce_Website_Database/internal/handlers/shippingDetails_handler.go:71.61,74.3 2 0
E-Commerce_Website_Database/internal/handlers/shippingDetails_handler.go:76.2,87.87 2 1
E-Commerce_Website_Database/internal/handlers/shippingDetails_handler.go:87.87,90.3 2 1
E-Commerce_Website_Database/internal/handlers/shippingDetails_handler.go:92.2,92.57 1 1
E-Commerce_Website_Database/internal/handlers/shippingDetails_handler.go:92.57,95.3 2 0
E-Commerce_Website_Database/internal/handlers/shippingDetails_handler.go:97.2,97.44 1 1
E-Commerce_Website_Database/internal/handlers/shippingDetails_handler.go:100.56,103.43 2 1
E-Commerce_Website_Database/internal/handlers/shippingDetails_handler.go:103.43,106.3 2 1
E-Commerce_Website_Database/internal/handlers/shippingDetails_handler.go:108.2,109.65 2 1
E-Commerce_Website_Database/internal/handlers/shippingDetails_handler.go:109.65,112.3 2 0
E-Commerce_Website_Database/internal/handlers/shippingDetails_handler.go:114.2,115.76 2 1
E-Commerce_Website_Database/internal/handlers/shippingDetails_handler.go:115.76,118.3 2 0
E-Commerce_Website_Database/internal/handlers/shippingDetails_handler.go:120.2,126.91 6 1
E-Commerce_Website_Database/internal/handlers/shippingDetails_handler.go:126.91,129.3 2 0
E-Commerce_Website_Database/internal/handlers/shippingDetails_handler.go:131.2,131.55 1 1
E-Commerce_Website_Database/internal/handlers/shippingDetails_handler.go:131.55,134.3 2 0
E-Commerce_Website_Database/internal/handlers/shippingDetails_handler.go:136.2,136.39 1 1
E-Commerce_Website_Database/internal/handlers/shippingDetails_handler.go:139.56,143.52 3 1
E-Commerce_Website_Database/internal/handlers/shippingDetails_handler.go:143.52,147.3 3 1
E-Commerce_Website_Database/internal/handlers/shippingDetails_handler.go:149.2,149.107 1 1
E-Commerce_Website_Database/internal/handlers/shippingDetails_handler.go:149.107,152.3 2 0
E-Commerce_Website_Database/internal/handlers/shippingDetails_handler.go:154.2,154.35 1 1
E-Commerce_Website_Database/internal/handlers/shippingDetails_handler.go:157.134,158.14 1 1
E-Commerce_Website_Database/internal/handlers/shippingDetails_handler.go:159.66,160.62 1 1
E-Commerce_Website_Database/internal/handlers/shippingDetails_handler.go:161.61,162.45 1 0
E-Commerce_Website_Database/internal/handlers/shippingDetails_handler.go:163.72,164.59 1 0
E-Commerce_Website_Database/internal/handlers/shippingDetails_handler.go:165.80,166.59 1 0
E-Commerce_Website_Database/internal/handlers/shippingDetails_handler.go:167.59,168.49 1 0
E-Commerce_Website_Database/internal/handlers/shippingDetails_handler.go:170.2,170.19 1 1
E-Commerce_Website_Database/internal/handlers/user_handler.go:16.43,20.75 3 1
E-Commerce_Website_Database/internal/handlers/user_handler.go:20.75,23.3 2 1
E-Commerce_Website_Database/internal/handlers/user_handler.go:25.2,25.29 1 1
E-Commerce_Website_Database/internal/handlers/user_handler.go:30.44,33.16 2 1
E-Commerce_Website_Database/internal/handlers/user_handler.go:33.16,36.3 2 0
E-Commerce_Website_Database/internal/handlers/user_handler.go:38.2,38.30 1 1
E-Commerce_Website_Database/internal/handlers/user_handler.go:43.50,46.92 2 1
E-Commerce_Website_Database/internal/handlers/user_handler.go:46.92,47.43 1 1
E-Commerce_Website_Database/internal/handlers/user_handler.go:47.43,50.4 2 1
E-Commerce_Website_Database/internal/handlers/user_handler.go:53.2,54.16 2 1
E-Commerce_Website_Database/internal/handlers/user_handler.go:54.16,57.3 2 0
E-Commerce_Website_Database/internal/handlers/user_handler.go:59.2,59.21 1 1
E-Commerce_Website_Database/internal/handlers/user_handler.go:59.21,62.3 2 1
E-Commerce_Website_Database/internal/handlers/user_handler.go:64.2,64.30 1 1
E-Commerce_Website_Database/internal/handlers/user_handler.go:69.46,72.51 2 1
E-Commerce_Website_Database/internal/handlers/user_handler.go:72.51,75.3 2 0
E-Commerce_Website_Database/internal/handlers/user_handler.go:76.2,77.16 2 1
E-Commerce_Website_Database/internal/handlers/user_handler.go:77.16,80.3 2 0
E-Commerce_Website_Database/internal/handlers/user_handler.go:82.2,95.53 2 1
E-Commerce_Website_Database/internal/handlers/user_handler.go:95.53,98.3 2 1
E-Commerce_Website_Database/internal/handlers/user_handler.go:100.2,100.47 1 1
E-Commerce_Website_Database/internal/handlers/user_handler.go:100.47,103.3 2 0
E-Commerce_Website_Database/internal/handlers/user_handler.go:105.2,105.34 1 1
E-Commerce_Website_Database/internal/handlers/user_handler.go:110.46,113.32 2 1
E-Commerce_Website_Database/internal/handlers/user_handler.go:113.32,116.3 2 1
E-Commerce_Website_Database/internal/handlers/user_handler.go:118.2,119.51 2 1
E-Commerce_Website_Database/internal/handlers/user_handler.go:119.51,122.3 2 0
E-Commerce_Website_Database/internal/handlers/user_handler.go:125.2,126.50 2 1
E-Commerce_Website_Database/internal/handlers/user_handler.go:126.50,129.3 2 0
E-Commerce_Website_Database/internal/handlers/user_handler.go:132.2,139.53 7 1
E-Commerce_Website_Database/internal/handlers/user_handler.go:139.53,142.3 2 0
E-Commerce_Website_Database/internal/handlers/user_handler.go:144.2,144.45 1 1
E-Commerce_Website_Database/internal/handlers/user_handler.go:144.45,147.3 2 0
E-Commerce_Website_Database/internal/handlers/user_handler.go:149.2,149.29 1 1
E-Commerce_Website_Database/internal/handlers/user_handler.go:154.46,158.41 3 1
E-Commerce_Website_Database/internal/handlers/user_handler.go:158.41,162.3 3 1
E-Commerce_Website_Database/internal/handlers/user_handler.go:164.2,164.96 1 1
E-Commerce_Website_Database/internal/handlers/user_handler.go:164.96,167.3 2 0
E-Commerce_Website_Database/internal/handlers/user_handler.go:169.2,169.64 1 1
E-Commerce_Website_Database/internal/handlers/user_handler.go:174.69,175.14 1 1
E-Commerce_Website_Database/internal/handlers/user_handler.go:176.46,177.59 1 0
E-Commerce_Website_Database/internal/handlers/user_handler.go:178.44,179.58 1 1
E-Commerce_Website_Database/internal/handlers/user_handler.go:180.43,181.46 1 0
E-Commerce_Website_Database/internal/handlers/user_handler.go:182.43,183.46 1 0
E-Commerce_Website_Database/internal/handlers/user_handler.go:184.37,185.43 1 0
E-Commerce_Website_Database/internal/handlers/user_handler.go:186.41,187.45 1 0
E-Commerce_Website_Database/internal/handlers/user_handler.go:189.2,189.19 1 1
E-Commerce_Website_Database/internal/handlers/user_handler.go:192.70,194.78 2 1
E-Commerce_Website_Database/internal/handlers/user_handler.go:194.78,196.3 1 1
E-Commerce_Website_Database/internal/handlers/user_handler.go:197.2,197.19 1 1
