mode: set
E-Commerce_Website_Database/cmd/main.go:19.13,30.16 10 0
E-Commerce_Website_Database/cmd/main.go:30.16,32.3 1 0
E-Commerce_Website_Database/cmd/main.go:33.2,46.46 11 0
E-Commerce_Website_Database/cmd/main.go:46.46,46.93 1 0
E-Commerce_Website_Database/cmd/main.go:47.2,47.72 1 0
E-Commerce_Website_Database/cmd/main.go:47.72,50.17 3 0
E-Commerce_Website_Database/cmd/main.go:50.17,52.4 1 0
E-Commerce_Website_Database/cmd/main.go:53.3,53.72 1 0
E-Commerce_Website_Database/cmd/main.go:55.2,55.42 1 0
E-Commerce_Website_Database/cmd/main.go:55.42,57.3 1 0
E-Commerce_Website_Database/cmd/main.go:61.51,62.39 1 0
E-Commerce_Website_Database/cmd/main.go:62.39,64.3 1 0
E-Commerce_Website_Database/cmd/main.go:66.2,68.38 2 0
E-Commerce_Website_Database/cmd/main.go:68.38,70.3 1 0
E-Commerce_Website_Database/cmd/main.go:72.2,72.39 1 0
E-Commerce_Website_Database/cmd/main.go:72.39,74.3 1 0
E-Commerce_Website_Database/cmd/main.go:77.2,77.44 1 0
E-Commerce_Website_Database/cmd/main.go:77.44,77.72 1 0
E-Commerce_Website_Database/cmd/main.go:78.2,78.48 1 0
E-Commerce_Website_Database/cmd/main.go:78.48,78.75 1 0
E-Commerce_Website_Database/cmd/main.go:79.2,79.45 1 0
E-Commerce_Website_Database/cmd/main.go:79.45,79.75 1 0
E-Commerce_Website_Database/cmd/main.go:80.2,80.48 1 0
E-Commerce_Website_Database/cmd/main.go:80.48,80.78 1 0
E-Commerce_Website_Database/cmd/main.go:81.2,81.51 1 0
E-Commerce_Website_Database/cmd/main.go:81.51,81.81 1 0
E-Commerce_Website_Database/cmd/main.go:84.2,84.52 1 0
E-Commerce_Website_Database/cmd/main.go:84.52,84.86 1 0
E-Commerce_Website_Database/cmd/main.go:86.2,86.54 1 0
E-Commerce_Website_Database/cmd/main.go:86.54,86.92 1 0
E-Commerce_Website_Database/cmd/main.go:87.2,87.58 1 0
E-Commerce_Website_Database/cmd/main.go:87.58,87.95 1 0
E-Commerce_Website_Database/cmd/main.go:88.2,88.55 1 0
E-Commerce_Website_Database/cmd/main.go:88.55,88.95 1 0
E-Commerce_Website_Database/cmd/main.go:89.2,89.58 1 0
E-Commerce_Website_Database/cmd/main.go:89.58,89.98 1 0
E-Commerce_Website_Database/cmd/main.go:90.2,90.61 1 0
E-Commerce_Website_Database/cmd/main.go:90.61,90.101 1 0
E-Commerce_Website_Database/cmd/main.go:93.2,93.62 1 0
E-Commerce_Website_Database/cmd/main.go:93.62,93.106 1 0
E-Commerce_Website_Database/cmd/main.go:95.2,95.46 1 0
E-Commerce_Website_Database/cmd/main.go:95.46,95.76 1 0
E-Commerce_Website_Database/cmd/main.go:96.2,96.50 1 0
E-Commerce_Website_Database/cmd/main.go:96.50,96.79 1 0
E-Commerce_Website_Database/cmd/main.go:97.2,97.47 1 0
E-Commerce_Website_Database/cmd/main.go:97.47,97.79 1 0
E-Commerce_Website_Database/cmd/main.go:98.2,98.50 1 0
E-Commerce_Website_Database/cmd/main.go:98.50,98.82 1 0
E-Commerce_Website_Database/cmd/main.go:99.2,99.53 1 0
E-Commerce_Website_Database/cmd/main.go:99.53,99.85 1 0
E-Commerce_Website_Database/cmd/main.go:102.2,102.54 1 0
E-Commerce_Website_Database/cmd/main.go:102.54,102.90 1 0
E-Commerce_Website_Database/cmd/main.go:104.2,104.47 1 0
E-Commerce_Website_Database/cmd/main.go:104.47,104.78 1 0
E-Commerce_Website_Database/cmd/main.go:105.2,105.51 1 0
E-Commerce_Website_Database/cmd/main.go:105.51,105.81 1 0
E-Commerce_Website_Database/cmd/main.go:106.2,106.48 1 0
E-Commerce_Website_Database/cmd/main.go:106.48,106.81 1 0
E-Commerce_Website_Database/cmd/main.go:107.2,107.51 1 0
E-Commerce_Website_Database/cmd/main.go:107.51,107.84 1 0
E-Commerce_Website_Database/cmd/main.go:108.2,108.54 1 0
E-Commerce_Website_Database/cmd/main.go:108.54,108.87 1 0
E-Commerce_Website_Database/cmd/main.go:111.2,111.59 1 0
E-Commerce_Website_Database/cmd/main.go:111.59,111.96 1 0
E-Commerce_Website_Database/cmd/main.go:113.2,113.44 1 0
E-Commerce_Website_Database/cmd/main.go:113.44,113.73 1 0
E-Commerce_Website_Database/cmd/main.go:114.2,114.48 1 0
E-Commerce_Website_Database/cmd/main.go:114.48,114.76 1 0
E-Commerce_Website_Database/cmd/main.go:115.2,115.45 1 0
E-Commerce_Website_Database/cmd/main.go:115.45,115.76 1 0
E-Commerce_Website_Database/cmd/main.go:116.2,116.48 1 0
E-Commerce_Website_Database/cmd/main.go:116.48,116.79 1 0
E-Commerce_Website_Database/cmd/main.go:117.2,117.51 1 0
E-Commerce_Website_Database/cmd/main.go:117.51,117.82 1 0
E-Commerce_Website_Database/cmd/main.go:119.2,119.53 1 0
E-Commerce_Website_Database/cmd/main.go:119.53,119.88 1 0
E-Commerce_Website_Database/cmd/main.go:121.2,121.49 1 0
E-Commerce_Website_Database/cmd/main.go:121.49,121.82 1 0
E-Commerce_Website_Database/cmd/main.go:122.2,122.53 1 0
E-Commerce_Website_Database/cmd/main.go:122.53,122.84 1 0
E-Commerce_Website_Database/cmd/main.go:123.2,123.50 1 0
E-Commerce_Website_Database/cmd/main.go:123.50,123.84 1 0
E-Commerce_Website_Database/cmd/main.go:124.2,124.53 1 0
E-Commerce_Website_Database/cmd/main.go:124.53,124.87 1 0
E-Commerce_Website_Database/cmd/main.go:125.2,125.56 1 0
E-Commerce_Website_Database/cmd/main.go:125.56,125.90 1 0
E-Commerce_Website_Database/cmd/main.go:127.2,127.57 1 0
E-Commerce_Website_Database/cmd/main.go:127.57,127.96 1 0
E-Commerce_Website_Database/cmd/main.go:129.2,129.45 1 0
E-Commerce_Website_Database/cmd/main.go:129.45,129.74 1 0
E-Commerce_Website_Database/cmd/main.go:130.2,130.49 1 0
E-Commerce_Website_Database/cmd/main.go:130.49,130.77 1 0
E-Commerce_Website_Database/cmd/main.go:131.2,131.46 1 0
E-Commerce_Website_Database/cmd/main.go:131.46,131.77 1 0
E-Commerce_Website_Database/cmd/main.go:132.2,132.49 1 0
E-Commerce_Website_Database/cmd/main.go:132.49,132.80 1 0
E-Commerce_Website_Database/cmd/main.go:133.2,133.52 1 0
E-Commerce_Website_Database/cmd/main.go:133.52,133.83 1 0
E-Commerce_Website_Database/cmd/main.go:136.2,136.53 1 0
E-Commerce_Website_Database/cmd/main.go:136.53,136.88 1 0
E-Commerce_Website_Database/cmd/main.go:138.2,138.49 1 0
E-Commerce_Website_Database/cmd/main.go:138.49,138.82 1 0
E-Commerce_Website_Database/cmd/main.go:139.2,139.53 1 0
E-Commerce_Website_Database/cmd/main.go:139.53,139.85 1 0
E-Commerce_Website_Database/cmd/main.go:140.2,140.50 1 0
E-Commerce_Website_Database/cmd/main.go:140.50,140.85 1 0
E-Commerce_Website_Database/cmd/main.go:141.2,141.53 1 0
E-Commerce_Website_Database/cmd/main.go:141.53,141.88 1 0
E-Commerce_Website_Database/cmd/main.go:142.2,142.56 1 0
E-Commerce_Website_Database/cmd/main.go:142.56,142.91 1 0
E-Commerce_Website_Database/cmd/main.go:145.2,145.57 1 0
E-Commerce_Website_Database/cmd/main.go:145.57,145.96 1 0
E-Commerce_Website_Database/cmd/main.go:147.2,147.47 1 0
E-Commerce_Website_Database/cmd/main.go:147.47,147.78 1 0
E-Commerce_Website_Database/cmd/main.go:148.2,148.51 1 0
E-Commerce_Website_Database/cmd/main.go:148.51,148.81 1 0
E-Commerce_Website_Database/cmd/main.go:149.2,149.48 1 0
E-Commerce_Website_Database/cmd/main.go:149.48,149.81 1 0
E-Commerce_Website_Database/cmd/main.go:150.2,150.51 1 0
E-Commerce_Website_Database/cmd/main.go:150.51,150.84 1 0
E-Commerce_Website_Database/cmd/main.go:151.2,151.54 1 0
E-Commerce_Website_Database/cmd/main.go:151.54,151.87 1 0
E-Commerce_Website_Database/cmd/main.go:154.2,154.55 1 0
E-Commerce_Website_Database/cmd/main.go:154.55,154.92 1 0
E-Commerce_Website_Database/cmd/main.go:157.41,158.30 1 0
E-Commerce_Website_Database/cmd/main.go:158.30,162.3 3 0
E-Commerce_Website_Database/internal/config/config.go:12.19,13.40 1 1
E-Commerce_Website_Database/internal/config/config.go:13.40,15.3 1 0
E-Commerce_Website_Database/internal/config/config.go:22.35,24.2 1 1
E-Commerce_Website_Database/internal/tools/Authentication.go:17.44,18.30 1 1
E-Commerce_Website_Database/internal/tools/Authentication.go:18.30,22.77 2 1
E-Commerce_Website_Database/internal/tools/Authentication.go:22.77,24.4 1 1
E-Commerce_Website_Database/internal/tools/Authentication.go:26.3,26.84 1 1
E-Commerce_Website_Database/internal/tools/Authentication.go:26.84,27.59 1 1
E-Commerce_Website_Database/internal/tools/Authentication.go:27.59,29.5 1 0
E-Commerce_Website_Database/internal/tools/Authentication.go:30.4,30.28 1 1
E-Commerce_Website_Database/internal/tools/Authentication.go:33.3,33.17 1 1
E-Commerce_Website_Database/internal/tools/Authentication.go:33.17,37.4 3 1
E-Commerce_Website_Database/internal/tools/Authentication.go:39.3,39.68 1 1
E-Commerce_Website_Database/internal/tools/Authentication.go:39.68,42.4 2 1
E-Commerce_Website_Database/internal/tools/Authentication.go:42.9,46.4 3 0
E-Commerce_Website_Database/internal/tools/Authentication.go:57.103,67.2 7 1
E-Commerce_Website_Database/internal/tools/checkValid.go:9.60,10.86 1 1
E-Commerce_Website_Database/internal/tools/checkValid.go:10.86,12.3 1 1
E-Commerce_Website_Database/internal/tools/checkValid.go:13.2,13.13 1 1
E-Commerce_Website_Database/internal/tools/checkValid.go:19.42,22.64 1 1
E-Commerce_Website_Database/internal/tools/checkValid.go:22.64,24.3 1 1
E-Commerce_Website_Database/internal/tools/checkValid.go:25.2,25.13 1 1
E-Commerce_Website_Database/internal/tools/checkValid.go:30.36,31.20 1 1
E-Commerce_Website_Database/internal/tools/checkValid.go:31.20,33.3 1 1
E-Commerce_Website_Database/internal/tools/checkValid.go:34.2,34.13 1 1
E-Commerce_Website_Database/internal/tools/checkValid.go:38.39,39.38 1 1
E-Commerce_Website_Database/internal/tools/checkValid.go:39.38,41.3 1 1
E-Commerce_Website_Database/internal/tools/checkValid.go:42.2,42.13 1 1
E-Commerce_Website_Database/internal/tools/checkValid.go:47.44,48.22 1 1
E-Commerce_Website_Database/internal/tools/checkValid.go:48.22,50.3 1 1
E-Commerce_Website_Database/internal/tools/checkValid.go:51.2,51.13 1 1
E-Commerce_Website_Database/internal/tools/checkValid.go:57.36,58.68 1 1
E-Commerce_Website_Database/internal/tools/checkValid.go:58.68,60.3 1 1
E-Commerce_Website_Database/internal/tools/checkValid.go:61.2,61.13 1 1
E-Commerce_Website_Database/internal/tools/checkValid.go:66.53,68.44 2 1
E-Commerce_Website_Database/internal/tools/checkValid.go:68.44,69.28 1 1
E-Commerce_Website_Database/internal/tools/checkValid.go:69.28,71.4 1 1
E-Commerce_Website_Database/internal/tools/checkValid.go:73.2,73.14 1 1
E-Commerce_Website_Database/internal/tools/checkValid.go:78.34,80.57 2 1
E-Commerce_Website_Database/internal/tools/checkValid.go:80.57,82.3 1 1
E-Commerce_Website_Database/internal/tools/checkValid.go:82.8,83.29 1 1
E-Commerce_Website_Database/internal/tools/checkValid.go:83.29,84.24 1 1
E-Commerce_Website_Database/internal/tools/checkValid.go:84.24,85.13 1 1
E-Commerce_Website_Database/internal/tools/checkValid.go:86.10,86.39 1 1
E-Commerce_Website_Database/internal/tools/checkValid.go:86.39,88.5 1 1
E-Commerce_Website_Database/internal/tools/checkValid.go:91.2,91.13 1 1
E-Commerce_Website_Database/internal/tools/checkValid.go:97.45,100.43 3 1
E-Commerce_Website_Database/internal/tools/checkValid.go:100.43,101.28 1 1
E-Commerce_Website_Database/internal/tools/checkValid.go:101.28,103.4 1 1
E-Commerce_Website_Database/internal/tools/checkValid.go:105.2,105.14 1 1
E-Commerce_Website_Database/internal/tools/checkValid.go:108.34,110.39 2 1
E-Commerce_Website_Database/internal/tools/checkValid.go:110.39,111.24 1 1
E-Commerce_Website_Database/internal/tools/checkValid.go:111.24,113.4 1 1
E-Commerce_Website_Database/internal/tools/checkValid.go:115.2,115.14 1 1
E-Commerce_Website_Database/internal/tools/tools.go:11.28,14.2 2 1
E-Commerce_Website_Database/internal/tools/tools.go:21.44,23.16 2 1
E-Commerce_Website_Database/internal/tools/tools.go:23.16,25.3 1 1
E-Commerce_Website_Database/internal/tools/tools.go:26.2,26.22 1 1
E-Commerce_Website_Database/internal/models/brand.go:18.50,20.47 2 1
E-Commerce_Website_Database/internal/models/brand.go:20.47,22.3 1 0
E-Commerce_Website_Database/internal/models/brand.go:23.2,23.20 1 1
E-Commerce_Website_Database/internal/models/brand.go:28.44,29.35 1 1
E-Commerce_Website_Database/internal/models/brand.go:29.35,31.3 1 1
E-Commerce_Website_Database/internal/models/brand.go:31.8,34.3 2 1
E-Commerce_Website_Database/internal/models/brand.go:39.58,40.43 1 1
E-Commerce_Website_Database/internal/models/brand.go:40.43,42.3 1 1
E-Commerce_Website_Database/internal/models/brand.go:42.8,45.3 2 1
E-Commerce_Website_Database/internal/models/brand.go:50.47,52.67 2 1
E-Commerce_Website_Database/internal/models/brand.go:52.67,54.3 1 1
E-Commerce_Website_Database/internal/models/brand.go:55.2,55.13 1 1
E-Commerce_Website_Database/internal/models/brand.go:58.86,62.39 3 1
E-Commerce_Website_Database/internal/models/brand.go:62.39,63.14 1 1
E-Commerce_Website_Database/internal/models/brand.go:64.30,66.40 1 1
E-Commerce_Website_Database/internal/models/brand.go:66.40,68.5 1 1
E-Commerce_Website_Database/internal/models/brand.go:72.2,72.58 1 1
E-Commerce_Website_Database/internal/models/brand.go:72.58,74.3 1 0
E-Commerce_Website_Database/internal/models/brand.go:75.2,75.20 1 1
E-Commerce_Website_Database/internal/models/category.go:18.56,20.51 2 1
E-Commerce_Website_Database/internal/models/category.go:20.51,22.3 1 0
E-Commerce_Website_Database/internal/models/category.go:23.2,23.24 1 1
E-Commerce_Website_Database/internal/models/category.go:28.46,29.35 1 1
E-Commerce_Website_Database/internal/models/category.go:29.35,31.3 1 1
E-Commerce_Website_Database/internal/models/category.go:31.8,34.3 2 1
E-Commerce_Website_Database/internal/models/category.go:39.60,40.43 1 1
E-Commerce_Website_Database/internal/models/category.go:40.43,42.3 1 1
E-Commerce_Website_Database/internal/models/category.go:42.8,45.3 2 1
E-Commerce_Website_Database/internal/models/category.go:50.50,52.70 2 1
E-Commerce_Website_Database/internal/models/category.go:52.70,54.3 1 1
E-Commerce_Website_Database/internal/models/category.go:55.2,55.13 1 1
E-Commerce_Website_Database/internal/models/category.go:58.91,62.39 3 1
E-Commerce_Website_Database/internal/models/category.go:62.39,63.14 1 1
E-Commerce_Website_Database/internal/models/category.go:64.30,66.40 1 1
E-Commerce_Website_Database/internal/models/category.go:66.40,68.5 1 1
E-Commerce_Website_Database/internal/models/category.go:72.2,72.62 1 1
E-Commerce_Website_Database/internal/models/category.go:72.62,74.3 1 0
E-Commerce_Website_Database/internal/models/category.go:75.2,75.24 1 1
E-Commerce_Website_Database/internal/models/order.go:21.49,23.47 2 1
E-Commerce_Website_Database/internal/models/order.go:23.47,25.3 1 0
E-Commerce_Website_Database/internal/models/order.go:26.2,26.20 1 1
E-Commerce_Website_Database/internal/models/order.go:29.61,30.30 1 1
E-Commerce_Website_Database/internal/models/order.go:30.30,32.3 1 1
E-Commerce_Website_Database/internal/models/order.go:32.8,35.3 2 1
E-Commerce_Website_Database/internal/models/order.go:40.54,41.34 1 1
E-Commerce_Website_Database/internal/models/order.go:41.34,43.3 1 1
E-Commerce_Website_Database/internal/models/order.go:44.2,44.13 1 1
E-Commerce_Website_Database/internal/models/order.go:50.59,51.37 1 1
E-Commerce_Website_Database/internal/models/order.go:51.37,53.3 1 1
E-Commerce_Website_Database/internal/models/order.go:54.2,55.13 2 1
E-Commerce_Website_Database/internal/models/order.go:61.47,62.37 1 1
E-Commerce_Website_Database/internal/models/order.go:62.37,64.3 1 1
E-Commerce_Website_Database/internal/models/order.go:65.2,66.13 2 1
E-Commerce_Website_Database/internal/models/order.go:71.47,73.55 2 1
E-Commerce_Website_Database/internal/models/order.go:73.55,75.3 1 1
E-Commerce_Website_Database/internal/models/order.go:76.2,76.13 1 1
E-Commerce_Website_Database/internal/models/order.go:79.85,83.39 3 1
E-Commerce_Website_Database/internal/models/order.go:83.39,85.14 2 1
E-Commerce_Website_Database/internal/models/order.go:86.18,87.37 1 1
E-Commerce_Website_Database/internal/models/order.go:87.37,89.5 1 1
E-Commerce_Website_Database/internal/models/order.go:90.21,91.16 1 0
E-Commerce_Website_Database/internal/models/order.go:91.16,93.5 1 0
E-Commerce_Website_Database/internal/models/order.go:94.23,96.41 1 0
E-Commerce_Website_Database/internal/models/order.go:96.41,98.5 1 0
E-Commerce_Website_Database/internal/models/order.go:99.17,101.16 1 0
E-Commerce_Website_Database/internal/models/order.go:101.16,103.5 1 0
E-Commerce_Website_Database/internal/models/order.go:107.2,107.58 1 1
E-Commerce_Website_Database/internal/models/order.go:107.58,109.3 1 0
E-Commerce_Website_Database/internal/models/order.go:110.2,110.20 1 1
E-Commerce_Website_Database/internal/models/orderItem.go:20.57,22.51 2 1
E-Commerce_Website_Database/internal/models/orderItem.go:22.51,24.3 1 0
E-Commerce_Website_Database/internal/models/orderItem.go:25.2,25.24 1 1
E-Commerce_Website_Database/internal/models/orderItem.go:30.68,31.32 1 1
E-Commerce_Website_Database/internal/models/orderItem.go:31.32,33.3 1 1
E-Commerce_Website_Database/internal/models/orderItem.go:33.8,36.3 2 1
E-Commerce_Website_Database/internal/models/orderItem.go:41.72,42.36 1 1
E-Commerce_Website_Database/internal/models/orderItem.go:42.36,44.3 1 1
E-Commerce_Website_Database/internal/models/orderItem.go:44.8,47.3 2 1
E-Commerce_Website_Database/internal/models/orderItem.go:52.53,53.31 1 1
E-Commerce_Website_Database/internal/models/orderItem.go:53.31,55.3 1 1
E-Commerce_Website_Database/internal/models/orderItem.go:55.8,58.3 2 1
E-Commerce_Website_Database/internal/models/orderItem.go:63.57,64.33 1 1
E-Commerce_Website_Database/internal/models/orderItem.go:64.33,66.3 1 1
E-Commerce_Website_Database/internal/models/orderItem.go:66.8,69.3 2 1
E-Commerce_Website_Database/internal/models/orderItem.go:74.51,76.59 2 1
E-Commerce_Website_Database/internal/models/orderItem.go:76.59,78.3 1 1
E-Commerce_Website_Database/internal/models/orderItem.go:79.2,79.13 1 1
E-Commerce_Website_Database/internal/models/orderItem.go:82.93,86.39 3 1
E-Commerce_Website_Database/internal/models/orderItem.go:86.39,87.14 1 1
E-Commerce_Website_Database/internal/models/orderItem.go:88.33,89.37 1 1
E-Commerce_Website_Database/internal/models/orderItem.go:89.37,91.5 1 1
E-Commerce_Website_Database/internal/models/orderItem.go:92.19,94.37 1 0
E-Commerce_Website_Database/internal/models/orderItem.go:94.37,96.5 1 0
E-Commerce_Website_Database/internal/models/orderItem.go:97.19,99.41 1 0
E-Commerce_Website_Database/internal/models/orderItem.go:99.41,101.5 1 0
E-Commerce_Website_Database/internal/models/orderItem.go:105.2,105.62 1 1
E-Commerce_Website_Database/internal/models/orderItem.go:105.62,107.3 1 0
E-Commerce_Website_Database/internal/models/orderItem.go:108.2,108.24 1 1
E-Commerce_Website_Database/internal/models/payment.go:22.53,24.49 2 1
E-Commerce_Website_Database/internal/models/payment.go:24.49,26.3 1 0
E-Commerce_Website_Database/internal/models/payment.go:27.2,27.22 1 1
E-Commerce_Website_Database/internal/models/payment.go:32.65,33.32 1 1
E-Commerce_Website_Database/internal/models/payment.go:33.32,35.3 1 1
E-Commerce_Website_Database/internal/models/payment.go:35.8,38.3 2 1
E-Commerce_Website_Database/internal/models/payment.go:43.64,44.47 1 1
E-Commerce_Website_Database/internal/models/payment.go:44.47,46.3 1 1
E-Commerce_Website_Database/internal/models/payment.go:46.8,49.3 2 1
E-Commerce_Website_Database/internal/models/payment.go:54.50,55.31 1 1
E-Commerce_Website_Database/internal/models/payment.go:55.31,57.3 1 1
E-Commerce_Website_Database/internal/models/payment.go:57.8,60.3 2 1
E-Commerce_Website_Database/internal/models/payment.go:65.60,66.36 1 1
E-Commerce_Website_Database/internal/models/payment.go:66.36,68.3 1 1
E-Commerce_Website_Database/internal/models/payment.go:68.8,71.3 2 1
E-Commerce_Website_Database/internal/models/payment.go:76.49,77.37 1 1
E-Commerce_Website_Database/internal/models/payment.go:77.37,79.3 1 1
E-Commerce_Website_Database/internal/models/payment.go:79.8,82.3 2 1
E-Commerce_Website_Database/internal/models/payment.go:87.49,89.57 2 1
E-Commerce_Website_Database/internal/models/payment.go:89.57,91.3 1 1
E-Commerce_Website_Database/internal/models/payment.go:92.2,92.13 1 1
E-Commerce_Website_Database/internal/models/payment.go:95.89,99.39 3 1
E-Commerce_Website_Database/internal/models/payment.go:99.39,101.14 2 1
E-Commerce_Website_Database/internal/models/payment.go:102.35,104.16 1 1
E-Commerce_Website_Database/internal/models/payment.go:104.16,106.5 1 1
E-Commerce_Website_Database/internal/models/payment.go:107.17,109.41 1 0
E-Commerce_Website_Database/internal/models/payment.go:109.41,111.5 1 0
E-Commerce_Website_Database/internal/models/payment.go:112.19,113.37 1 0
E-Commerce_Website_Database/internal/models/payment.go:113.37,115.5 1 0
E-Commerce_Website_Database/internal/models/payment.go:117.23,118.16 1 0
E-Commerce_Website_Database/internal/models/payment.go:118.16,120.5 1 0
E-Commerce_Website_Database/internal/models/payment.go:124.2,124.60 1 1
E-Commerce_Website_Database/internal/models/payment.go:124.60,126.3 1 0
E-Commerce_Website_Database/internal/models/payment.go:127.2,127.22 1 1
E-Commerce_Website_Database/internal/models/product.go:22.53,24.49 2 1
E-Commerce_Website_Database/internal/models/product.go:24.49,26.3 1 0
E-Commerce_Website_Database/internal/models/product.go:27.2,27.22 1 1
E-Commerce_Website_Database/internal/models/product.go:32.45,33.35 1 1
E-Commerce_Website_Database/internal/models/product.go:33.35,35.3 1 1
E-Commerce_Website_Database/internal/models/product.go:35.8,38.3 2 1
E-Commerce_Website_Database/internal/models/product.go:43.59,44.43 1 1
E-Commerce_Website_Database/internal/models/product.go:44.43,46.3 1 1
E-Commerce_Website_Database/internal/models/product.go:46.8,49.3 2 1
E-Commerce_Website_Database/internal/models/product.go:54.48,55.30 1 1
E-Commerce_Website_Database/internal/models/product.go:55.30,57.3 1 1
E-Commerce_Website_Database/internal/models/product.go:57.8,60.3 2 1
E-Commerce_Website_Database/internal/models/product.go:65.61,66.37 1 1
E-Commerce_Website_Database/internal/models/product.go:66.37,68.3 1 1
E-Commerce_Website_Database/internal/models/product.go:68.8,71.3 2 1
E-Commerce_Website_Database/internal/models/product.go:76.65,77.32 1 1
E-Commerce_Website_Database/internal/models/product.go:77.32,79.3 1 1
E-Commerce_Website_Database/internal/models/product.go:79.8,82.3 2 1
E-Commerce_Website_Database/internal/models/product.go:87.71,88.38 1 1
E-Commerce_Website_Database/internal/models/product.go:88.38,90.3 1 1
E-Commerce_Website_Database/internal/models/product.go:90.8,93.3 2 1
E-Commerce_Website_Database/internal/models/product.go:98.49,100.41 2 1
E-Commerce_Website_Database/internal/models/product.go:100.41,102.3 1 1
E-Commerce_Website_Database/internal/models/product.go:103.2,103.13 1 1
E-Commerce_Website_Database/internal/models/product.go:108.89,112.39 3 1
E-Commerce_Website_Database/internal/models/product.go:112.39,113.14 1 1
E-Commerce_Website_Database/internal/models/product.go:114.30,116.40 1 1
E-Commerce_Website_Database/internal/models/product.go:116.40,118.5 1 1
E-Commerce_Website_Database/internal/models/product.go:119.16,121.41 1 0
E-Commerce_Website_Database/internal/models/product.go:121.41,123.5 1 0
E-Commerce_Website_Database/internal/models/product.go:124.25,125.37 1 0
E-Commerce_Website_Database/internal/models/product.go:125.37,127.5 1 0
E-Commerce_Website_Database/internal/models/product.go:129.34,131.41 1 0
E-Commerce_Website_Database/internal/models/product.go:131.41,133.5 1 0
E-Commerce_Website_Database/internal/models/product.go:133.10,133.44 1 0
E-Commerce_Website_Database/internal/models/product.go:133.44,135.5 1 0
E-Commerce_Website_Database/internal/models/product.go:139.2,139.60 1 1
E-Commerce_Website_Database/internal/models/product.go:139.60,141.3 1 0
E-Commerce_Website_Database/internal/models/product.go:142.2,142.22 1 1
E-Commerce_Website_Database/internal/models/review.go:17.51,19.48 2 1
E-Commerce_Website_Database/internal/models/review.go:19.48,21.3 1 0
E-Commerce_Website_Database/internal/models/review.go:22.2,22.21 1 1
E-Commerce_Website_Database/internal/models/review.go:25.68,26.36 1 1
E-Commerce_Website_Database/internal/models/review.go:26.36,28.3 1 1
E-Commerce_Website_Database/internal/models/review.go:28.8,31.3 2 1
E-Commerce_Website_Database/internal/models/review.go:34.62,35.30 1 1
E-Commerce_Website_Database/internal/models/review.go:35.30,37.3 1 1
E-Commerce_Website_Database/internal/models/review.go:37.8,40.3 2 1
E-Commerce_Website_Database/internal/models/review.go:43.45,44.32 1 1
E-Commerce_Website_Database/internal/models/review.go:44.32,46.3 1 1
E-Commerce_Website_Database/internal/models/review.go:46.8,49.3 2 1
E-Commerce_Website_Database/internal/models/review.go:52.50,53.38 1 1
E-Commerce_Website_Database/internal/models/review.go:53.38,55.3 1 1
E-Commerce_Website_Database/internal/models/review.go:55.8,58.3 2 1
E-Commerce_Website_Database/internal/models/review.go:61.57,62.35 1 1
E-Commerce_Website_Database/internal/models/review.go:62.35,64.3 1 1
E-Commerce_Website_Database/internal/models/review.go:64.8,67.3 2 1
E-Commerce_Website_Database/internal/models/review.go:70.48,72.56 2 1
E-Commerce_Website_Database/internal/models/review.go:72.56,74.3 1 1
E-Commerce_Website_Database/internal/models/review.go:75.2,75.13 1 1
E-Commerce_Website_Database/internal/models/review.go:78.87,82.39 3 1
E-Commerce_Website_Database/internal/models/review.go:82.39,84.14 2 1
E-Commerce_Website_Database/internal/models/review.go:85.32,86.37 1 0
E-Commerce_Website_Database/internal/models/review.go:86.37,88.5 1 0
E-Commerce_Website_Database/internal/models/review.go:89.17,91.37 1 1
E-Commerce_Website_Database/internal/models/review.go:91.37,93.5 1 1
E-Commerce_Website_Database/internal/models/review.go:94.18,95.16 1 0
E-Commerce_Website_Database/internal/models/review.go:95.16,97.5 1 0
E-Commerce_Website_Database/internal/models/review.go:98.22,99.16 1 0
E-Commerce_Website_Database/internal/models/review.go:99.16,101.5 1 0
E-Commerce_Website_Database/internal/models/review.go:105.2,105.59 1 1
E-Commerce_Website_Database/internal/models/review.go:105.59,107.3 1 0
E-Commerce_Website_Database/internal/models/review.go:108.2,108.21 1 1
E-Commerce_Website_Database/internal/models/shippingDetails.go:18.68,20.56 2 1
E-Commerce_Website_Database/internal/models/shippingDetails.go:20.56,22.3 1 0
E-Commerce_Website_Database/internal/models/shippingDetails.go:23.2,23.29 1 1
E-Commerce_Website_Database/internal/models/shippingDetails.go:26.73,27.32 1 1
E-Commerce_Website_Database/internal/models/shippingDetails.go:27.32,29.3 1 1
E-Commerce_Website_Database/internal/models/shippingDetails.go:29.8,32.3 2 1
E-Commerce_Website_Database/internal/models/shippingDetails.go:35.59,36.38 1 1
E-Commerce_Website_Database/internal/models/shippingDetails.go:36.38,38.3 1 1
E-Commerce_Website_Database/internal/models/shippingDetails.go:38.8,41.3 2 1
E-Commerce_Website_Database/internal/models/shippingDetails.go:44.70,45.37 1 1
E-Commerce_Website_Database/internal/models/shippingDetails.go:45.37,47.3 1 1
E-Commerce_Website_Database/internal/models/shippingDetails.go:47.8,50.3 2 1
E-Commerce_Website_Database/internal/models/shippingDetails.go:53.78,54.41 1 1
E-Commerce_Website_Database/internal/models/shippingDetails.go:54.41,56.3 1 1
E-Commerce_Website_Database/internal/models/shippingDetails.go:56.8,59.3 2 1
E-Commerce_Website_Database/internal/models/shippingDetails.go:62.57,63.37 1 1
E-Commerce_Website_Database/internal/models/shippingDetails.go:63.37,65.3 1 1
E-Commerce_Website_Database/internal/models/shippingDetails.go:65.8,68.3 2 1
E-Commerce_Website_Database/internal/models/shippingDetails.go:71.57,73.65 2 1
E-Commerce_Website_Database/internal/models/shippingDetails.go:73.65,75.3 1 1
E-Commerce_Website_Database/internal/models/shippingDetails.go:76.2,76.13 1 1
E-Commerce_Website_Database/internal/models/shippingDetails.go:79.105,83.39 3 1
E-Commerce_Website_Database/internal/models/shippingDetails.go:83.39,85.14 2 1
E-Commerce_Website_Database/internal/models/shippingDetails.go:86.19,87.37 1 0
E-Commerce_Website_Database/internal/models/shippingDetails.go:87.37,89.5 1 0
E-Commerce_Website_Database/internal/models/shippingDetails.go:90.18,91.16 1 1
E-Commerce_Website_Database/internal/models/shippingDetails.go:91.16,93.5 1 1
E-Commerce_Website_Database/internal/models/shippingDetails.go:94.45,95.16 1 0
E-Commerce_Website_Database/internal/models/shippingDetails.go:95.16,97.5 1 0
E-Commerce_Website_Database/internal/models/shippingDetails.go:98.17,99.16 1 0
E-Commerce_Website_Database/internal/models/shippingDetails.go:99.16,101.5 1 0
E-Commerce_Website_Database/internal/models/shippingDetails.go:105.2,105.67 1 1
E-Commerce_Website_Database/internal/models/shippingDetails.go:105.67,107.3 1 0
E-Commerce_Website_Database/internal/models/shippingDetails.go:108.2,108.29 1 1
E-Commerce_Website_Database/internal/models/user.go:23.47,25.46 2 1
E-Commerce_Website_Database/internal/models/user.go:25.46,27.3 1 0
E-Commerce_Website_Database/internal/models/user.go:28.2,28.19 1 1
E-Commerce_Website_Database/internal/models/user.go:31.42,32.28 1 1
E-Commerce_Website_Database/internal/models/user.go:32.28,34.3 1 1
E-Commerce_Website_Database/internal/models/user.go:34.8,37.3 2 1
E-Commerce_Website_Database/internal/models/user.go:43.50,44.39 1 1
E-Commerce_Website_Database/internal/models/user.go:44.39,46.3 1 1
E-Commerce_Website_Database/internal/models/user.go:46.8,49.3 2 1
E-Commerce_Website_Database/internal/models/user.go:54.50,55.36 1 1
E-Commerce_Website_Database/internal/models/user.go:55.36,57.3 1 1
E-Commerce_Website_Database/internal/models/user.go:57.8,60.3 2 1
E-Commerce_Website_Database/internal/models/user.go:65.44,66.30 1 1
E-Commerce_Website_Database/internal/models/user.go:66.30,68.3 1 1
E-Commerce_Website_Database/internal/models/user.go:68.8,71.3 2 1
E-Commerce_Website_Database/internal/models/user.go:76.53,77.41 1 1
E-Commerce_Website_Database/internal/models/user.go:77.41,79.3 1 1
E-Commerce_Website_Database/internal/models/user.go:79.8,82.3 2 1
E-Commerce_Website_Database/internal/models/user.go:87.51,88.40 1 1
E-Commerce_Website_Database/internal/models/user.go:88.40,90.3 1 1
E-Commerce_Website_Database/internal/models/user.go:90.8,93.3 2 1
E-Commerce_Website_Database/internal/models/user.go:98.48,99.38 1 1
E-Commerce_Website_Database/internal/models/user.go:99.38,101.3 1 1
E-Commerce_Website_Database/internal/models/user.go:101.8,104.3 2 1
E-Commerce_Website_Database/internal/models/user.go:109.46,111.38 2 1
E-Commerce_Website_Database/internal/models/user.go:111.38,113.3 1 1
E-Commerce_Website_Database/internal/models/user.go:114.2,114.13 1 1
E-Commerce_Website_Database/internal/models/user.go:120.84,124.39 3 1
E-Commerce_Website_Database/internal/models/user.go:124.39,125.39 1 1
E-Commerce_Website_Database/internal/models/user.go:125.39,127.4 1 1
E-Commerce_Website_Database/internal/models/user.go:130.2,130.57 1 1
E-Commerce_Website_Database/internal/models/user.go:130.57,132.3 1 0
E-Commerce_Website_Database/internal/models/user.go:133.2,133.19 1 1
E-Commerce_Website_Database/internal/handlers/Authentication.go:11.78,18.60 2 1
E-Commerce_Website_Database/internal/handlers/Authentication.go:18.60,21.3 2 0
E-Commerce_Website_Database/internal/handlers/Authentication.go:24.2,25.16 2 1
E-Commerce_Website_Database/internal/handlers/Authentication.go:25.16,28.3 2 1
E-Commerce_Website_Database/internal/handlers/Authentication.go:29.2,29.17 1 1
E-Commerce_Website_Database/internal/handlers/Authentication.go:29.17,32.3 2 0
E-Commerce_Website_Database/internal/handlers/Authentication.go:35.2,35.112 1 1
E-Commerce_Website_Database/internal/handlers/Authentication.go:35.112,38.3 2 1
E-Commerce_Website_Database/internal/handlers/Authentication.go:41.2,42.16 2 1
E-Commerce_Website_Database/internal/handlers/Authentication.go:42.16,45.3 2 1
E-Commerce_Website_Database/internal/handlers/Authentication.go:48.2,48.52 1 1
E-Commerce_Website_Database/internal/handlers/brand_handler.go:15.44,19.67 3 1
E-Commerce_Website_Database/internal/handlers/brand_handler.go:19.67,22.3 2 1
E-Commerce_Website_Database/internal/handlers/brand_handler.go:23.2,23.30 1 1
E-Commerce_Website_Database/internal/handlers/brand_handler.go:29.45,31.16 2 1
E-Commerce_Website_Database/internal/handlers/brand_handler.go:31.16,34.3 2 0
E-Commerce_Website_Database/internal/handlers/brand_handler.go:35.2,35.31 1 1
E-Commerce_Website_Database/internal/handlers/brand_handler.go:38.51,41.56 2 1
E-Commerce_Website_Database/internal/handlers/brand_handler.go:41.56,42.43 1 1
E-Commerce_Website_Database/internal/handlers/brand_handler.go:42.43,45.4 2 1
E-Commerce_Website_Database/internal/handlers/brand_handler.go:48.2,49.16 2 1
E-Commerce_Website_Database/internal/handlers/brand_handler.go:49.16,52.3 2 0
E-Commerce_Website_Database/internal/handlers/brand_handler.go:54.2,54.22 1 1
E-Commerce_Website_Database/internal/handlers/brand_handler.go:54.22,57.3 2 1
E-Commerce_Website_Database/internal/handlers/brand_handler.go:59.2,59.31 1 1
E-Commerce_Website_Database/internal/handlers/brand_handler.go:62.47,64.52 2 1
E-Commerce_Website_Database/internal/handlers/brand_handler.go:64.52,67.3 2 0
E-Commerce_Website_Database/internal/handlers/brand_handler.go:69.2,77.56 2 1
E-Commerce_Website_Database/internal/handlers/brand_handler.go:77.56,80.3 2 1
E-Commerce_Website_Database/internal/handlers/brand_handler.go:82.2,82.48 1 1
E-Commerce_Website_Database/internal/handlers/brand_handler.go:82.48,85.3 2 0
E-Commerce_Website_Database/internal/handlers/brand_handler.go:87.2,87.35 1 1
E-Commerce_Website_Database/internal/handlers/brand_handler.go:92.47,95.33 2 1
E-Commerce_Website_Database/internal/handlers/brand_handler.go:95.33,98.3 2 0
E-Commerce_Website_Database/internal/handlers/brand_handler.go:100.2,101.56 2 1
E-Commerce_Website_Database/internal/handlers/brand_handler.go:101.56,104.3 2 0
E-Commerce_Website_Database/internal/handlers/brand_handler.go:106.2,107.67 2 1
E-Commerce_Website_Database/internal/handlers/brand_handler.go:107.67,110.3 2 0
E-Commerce_Website_Database/internal/handlers/brand_handler.go:112.2,115.60 3 1
E-Commerce_Website_Database/internal/handlers/brand_handler.go:115.60,118.3 2 1
E-Commerce_Website_Database/internal/handlers/brand_handler.go:120.2,120.46 1 1
E-Commerce_Website_Database/internal/handlers/brand_handler.go:120.46,123.3 2 0
E-Commerce_Website_Database/internal/handlers/brand_handler.go:125.2,125.30 1 1
E-Commerce_Website_Database/internal/handlers/brand_handler.go:130.47,134.42 3 1
E-Commerce_Website_Database/internal/handlers/brand_handler.go:134.42,138.3 3 1
E-Commerce_Website_Database/internal/handlers/brand_handler.go:140.2,140.98 1 1
E-Commerce_Website_Database/internal/handlers/brand_handler.go:140.98,143.3 2 0
E-Commerce_Website_Database/internal/handlers/brand_handler.go:145.2,145.35 1 1
E-Commerce_Website_Database/internal/handlers/brand_handler.go:148.76,149.14 1 1
E-Commerce_Website_Database/internal/handlers/brand_handler.go:150.37,151.53 1 1
E-Commerce_Website_Database/internal/handlers/brand_handler.go:152.51,153.60 1 0
E-Commerce_Website_Database/internal/handlers/brand_handler.go:155.2,155.19 1 1
E-Commerce_Website_Database/internal/handlers/category_handler.go:15.47,19.70 3 1
E-Commerce_Website_Database/internal/handlers/category_handler.go:19.70,22.3 2 1
E-Commerce_Website_Database/internal/handlers/category_handler.go:23.2,23.33 1 1
E-Commerce_Website_Database/internal/handlers/category_handler.go:30.49,32.16 2 1
E-Commerce_Website_Database/internal/handlers/category_handler.go:32.16,35.3 2 0
E-Commerce_Website_Database/internal/handlers/category_handler.go:36.2,36.35 1 1
E-Commerce_Website_Database/internal/handlers/category_handler.go:39.55,42.56 2 1
E-Commerce_Website_Database/internal/handlers/category_handler.go:42.56,43.43 1 1
E-Commerce_Website_Database/internal/handlers/category_handler.go:43.43,46.4 2 1
E-Commerce_Website_Database/internal/handlers/category_handler.go:49.2,50.16 2 1
E-Commerce_Website_Database/internal/handlers/category_handler.go:50.16,53.3 2 0
E-Commerce_Website_Database/internal/handlers/category_handler.go:55.2,55.26 1 1
E-Commerce_Website_Database/internal/handlers/category_handler.go:55.26,58.3 2 1
E-Commerce_Website_Database/internal/handlers/category_handler.go:60.2,60.35 1 1
E-Commerce_Website_Database/internal/handlers/category_handler.go:65.50,67.55 2 1
E-Commerce_Website_Database/internal/handlers/category_handler.go:67.55,70.3 2 0
E-Commerce_Website_Database/internal/handlers/category_handler.go:72.2,80.65 2 1
E-Commerce_Website_Database/internal/handlers/category_handler.go:80.65,83.3 2 1
E-Commerce_Website_Database/internal/handlers/category_handler.go:85.2,85.51 1 1
E-Commerce_Website_Database/internal/handlers/category_handler.go:85.51,88.3 2 0
E-Commerce_Website_Database/internal/handlers/category_handler.go:90.2,90.38 1 1
E-Commerce_Website_Database/internal/handlers/category_handler.go:95.50,98.36 2 1
E-Commerce_Website_Database/internal/handlers/category_handler.go:98.36,101.3 2 0
E-Commerce_Website_Database/internal/handlers/category_handler.go:103.2,104.59 2 1
E-Commerce_Website_Database/internal/handlers/category_handler.go:104.59,107.3 2 0
E-Commerce_Website_Database/internal/handlers/category_handler.go:109.2,110.70 2 1
E-Commerce_Website_Database/internal/handlers/category_handler.go:110.70,113.3 2 0
E-Commerce_Website_Database/internal/handlers/category_handler.go:115.2,118.69 3 1
E-Commerce_Website_Database/internal/handlers/category_handler.go:118.69,121.3 2 1
E-Commerce_Website_Database/internal/handlers/category_handler.go:123.2,123.49 1 1
E-Commerce_Website_Database/internal/handlers/category_handler.go:123.49,126.3 2 0
E-Commerce_Website_Database/internal/handlers/category_handler.go:128.2,128.33 1 1
E-Commerce_Website_Database/internal/handlers/category_handler.go:133.50,137.45 3 1
E-Commerce_Website_Database/internal/handlers/category_handler.go:137.45,141.3 3 1
E-Commerce_Website_Database/internal/handlers/category_handler.go:143.2,143.100 1 1
E-Commerce_Website_Database/internal/handlers/category_handler.go:143.100,146.3 2 0
E-Commerce_Website_Database/internal/handlers/category_handler.go:148.2,148.35 1 1
E-Commerce_Website_Database/internal/handlers/category_handler.go:151.89,152.14 1 1
E-Commerce_Website_Database/internal/handlers/category_handler.go:153.43,154.53 1 1
E-Commerce_Website_Database/internal/handlers/category_handler.go:155.57,156.60 1 0
E-Commerce_Website_Database/internal/handlers/category_handler.go:158.2,158.19 1 1
E-Commerce_Website_Database/internal/handlers/orderItem_handler.go:16.48,20.71 3 0
E-Commerce_Website_Database/internal/handlers/orderItem_handler.go:20.71,23.3 2 0
E-Commerce_Website_Database/internal/handlers/orderItem_handler.go:24.2,24.34 1 0
E-Commerce_Website_Database/internal/handlers/orderItem_handler.go:30.49,32.16 2 0
E-Commerce_Website_Database/internal/handlers/orderItem_handler.go:32.16,35.3 2 0
E-Commerce_Website_Database/internal/handlers/orderItem_handler.go:36.2,36.35 1 0
E-Commerce_Website_Database/internal/handlers/orderItem_handler.go:39.55,42.83 2 0
E-Commerce_Website_Database/internal/handlers/orderItem_handler.go:42.83,43.43 1 0
E-Commerce_Website_Database/internal/handlers/orderItem_handler.go:43.43,45.17 2 0
E-Commerce_Website_Database/internal/handlers/orderItem_handler.go:46.46,47.60 1 0
E-Commerce_Website_Database/internal/handlers/orderItem_handler.go:47.60,49.6 1 0
E-Commerce_Website_Database/internal/handlers/orderItem_handler.go:50.20,51.70 1 0
E-Commerce_Website_Database/internal/handlers/orderItem_handler.go:51.70,53.6 1 0
E-Commerce_Website_Database/internal/handlers/orderItem_handler.go:58.2,59.16 2 0
E-Commerce_Website_Database/internal/handlers/orderItem_handler.go:59.16,62.3 2 0
E-Commerce_Website_Database/internal/handlers/orderItem_handler.go:64.2,64.26 1 0
E-Commerce_Website_Database/internal/handlers/orderItem_handler.go:64.26,67.3 2 0
E-Commerce_Website_Database/internal/handlers/orderItem_handler.go:69.2,69.35 1 0
E-Commerce_Website_Database/internal/handlers/orderItem_handler.go:75.51,77.56 2 0
E-Commerce_Website_Database/internal/handlers/orderItem_handler.go:77.56,80.3 2 0
E-Commerce_Website_Database/internal/handlers/orderItem_handler.go:82.2,92.72 2 0
E-Commerce_Website_Database/internal/handlers/orderItem_handler.go:92.72,95.3 2 0
E-Commerce_Website_Database/internal/handlers/orderItem_handler.go:97.2,97.52 1 0
E-Commerce_Website_Database/internal/handlers/orderItem_handler.go:97.52,100.3 2 0
E-Commerce_Website_Database/internal/handlers/orderItem_handler.go:102.2,102.39 1 0
E-Commerce_Website_Database/internal/handlers/orderItem_handler.go:108.51,111.37 2 0
E-Commerce_Website_Database/internal/handlers/orderItem_handler.go:111.37,114.3 2 0
E-Commerce_Website_Database/internal/handlers/orderItem_handler.go:116.2,117.60 2 0
E-Commerce_Website_Database/internal/handlers/orderItem_handler.go:117.60,120.3 2 0
E-Commerce_Website_Database/internal/handlers/orderItem_handler.go:122.2,123.71 2 0
E-Commerce_Website_Database/internal/handlers/orderItem_handler.go:123.71,126.3 2 0
E-Commerce_Website_Database/internal/handlers/orderItem_handler.go:128.2,133.76 5 0
E-Commerce_Website_Database/internal/handlers/orderItem_handler.go:133.76,136.3 2 0
E-Commerce_Website_Database/internal/handlers/orderItem_handler.go:138.2,138.50 1 0
E-Commerce_Website_Database/internal/handlers/orderItem_handler.go:138.50,141.3 2 0
E-Commerce_Website_Database/internal/handlers/orderItem_handler.go:143.2,143.34 1 0
E-Commerce_Website_Database/internal/handlers/orderItem_handler.go:148.51,152.46 3 0
E-Commerce_Website_Database/internal/handlers/orderItem_handler.go:152.46,156.3 3 0
E-Commerce_Website_Database/internal/handlers/orderItem_handler.go:158.2,158.92 1 0
E-Commerce_Website_Database/internal/handlers/orderItem_handler.go:158.92,161.3 2 0
E-Commerce_Website_Database/internal/handlers/orderItem_handler.go:163.2,163.35 1 0
E-Commerce_Website_Database/internal/handlers/orderItem_handler.go:166.107,167.14 1 0
E-Commerce_Website_Database/internal/handlers/orderItem_handler.go:168.56,169.62 1 0
E-Commerce_Website_Database/internal/handlers/orderItem_handler.go:170.60,171.64 1 0
E-Commerce_Website_Database/internal/handlers/orderItem_handler.go:172.53,173.46 1 0
E-Commerce_Website_Database/internal/handlers/orderItem_handler.go:174.53,175.46 1 0
E-Commerce_Website_Database/internal/handlers/orderItem_handler.go:177.2,177.19 1 0
E-Commerce_Website_Database/internal/handlers/order_handler.go:16.44,20.67 3 1
E-Commerce_Website_Database/internal/handlers/order_handler.go:20.67,23.3 2 1
E-Commerce_Website_Database/internal/handlers/order_handler.go:24.2,24.30 1 1
E-Commerce_Website_Database/internal/handlers/order_handler.go:30.45,32.16 2 1
E-Commerce_Website_Database/internal/handlers/order_handler.go:32.16,35.3 2 0
E-Commerce_Website_Database/internal/handlers/order_handler.go:36.2,36.31 1 1
E-Commerce_Website_Database/internal/handlers/order_handler.go:39.51,42.84 2 1
E-Commerce_Website_Database/internal/handlers/order_handler.go:42.84,43.43 1 1
E-Commerce_Website_Database/internal/handlers/order_handler.go:43.43,45.17 2 1
E-Commerce_Website_Database/internal/handlers/order_handler.go:46.19,47.60 1 0
E-Commerce_Website_Database/internal/handlers/order_handler.go:47.60,49.6 1 0
E-Commerce_Website_Database/internal/handlers/order_handler.go:50.22,51.37 1 0
E-Commerce_Website_Database/internal/handlers/order_handler.go:52.24,53.70 1 0
E-Commerce_Website_Database/internal/handlers/order_handler.go:53.70,55.6 1 0
E-Commerce_Website_Database/internal/handlers/order_handler.go:56.18,57.54 1 1
E-Commerce_Website_Database/internal/handlers/order_handler.go:58.12,59.37 1 0
E-Commerce_Website_Database/internal/handlers/order_handler.go:64.2,65.16 2 1
E-Commerce_Website_Database/internal/handlers/order_handler.go:65.16,68.3 2 0
E-Commerce_Website_Database/internal/handlers/order_handler.go:70.2,70.22 1 1
E-Commerce_Website_Database/internal/handlers/order_handler.go:70.22,73.3 2 1
E-Commerce_Website_Database/internal/handlers/order_handler.go:75.2,75.31 1 1
E-Commerce_Website_Database/internal/handlers/order_handler.go:78.47,80.52 2 1
E-Commerce_Website_Database/internal/handlers/order_handler.go:80.52,83.3 2 1
E-Commerce_Website_Database/internal/handlers/order_handler.go:85.2,95.60 2 1
E-Commerce_Website_Database/internal/handlers/order_handler.go:95.60,98.3 2 0
E-Commerce_Website_Database/internal/handlers/order_handler.go:100.2,100.48 1 1
E-Commerce_Website_Database/internal/handlers/order_handler.go:100.48,103.3 2 0
E-Commerce_Website_Database/internal/handlers/order_handler.go:105.2,105.35 1 1
E-Commerce_Website_Database/internal/handlers/order_handler.go:110.47,113.33 2 1
E-Commerce_Website_Database/internal/handlers/order_handler.go:113.33,116.3 2 0
E-Commerce_Website_Database/internal/handlers/order_handler.go:118.2,119.56 2 1
E-Commerce_Website_Database/internal/handlers/order_handler.go:119.56,122.3 2 1
E-Commerce_Website_Database/internal/handlers/order_handler.go:124.2,125.67 2 1
E-Commerce_Website_Database/internal/handlers/order_handler.go:125.67,128.3 2 0
E-Commerce_Website_Database/internal/handlers/order_handler.go:130.2,135.64 5 1
E-Commerce_Website_Database/internal/handlers/order_handler.go:135.64,138.3 2 0
E-Commerce_Website_Database/internal/handlers/order_handler.go:140.2,140.46 1 1
E-Commerce_Website_Database/internal/handlers/order_handler.go:140.46,143.3 2 0
E-Commerce_Website_Database/internal/handlers/order_handler.go:145.2,145.30 1 1
E-Commerce_Website_Database/internal/handlers/order_handler.go:150.47,154.42 3 1
E-Commerce_Website_Database/internal/handlers/order_handler.go:154.42,158.3 3 1
E-Commerce_Website_Database/internal/handlers/order_handler.go:160.2,160.97 1 1
E-Commerce_Website_Database/internal/handlers/order_handler.go:160.97,163.3 2 0
E-Commerce_Website_Database/internal/handlers/order_handler.go:165.2,165.35 1 1
E-Commerce_Website_Database/internal/handlers/order_handler.go:168.87,169.14 1 1
E-Commerce_Website_Database/internal/handlers/order_handler.go:170.46,171.61 1 0
E-Commerce_Website_Database/internal/handlers/order_handler.go:172.48,173.56 1 0
E-Commerce_Website_Database/internal/handlers/order_handler.go:174.52,175.44 1 0
E-Commerce_Website_Database/internal/handlers/order_handler.go:176.41,177.60 1 0
E-Commerce_Website_Database/internal/handlers/order_handler.go:179.2,179.19 1 1
E-Commerce_Website_Database/internal/handlers/payment_handler.go:16.46,20.69 3 0
E-Commerce_Website_Database/internal/handlers/payment_handler.go:20.69,23.3 2 0
E-Commerce_Website_Database/internal/handlers/payment_handler.go:24.2,24.32 1 0
E-Commerce_Website_Database/internal/handlers/payment_handler.go:29.47,31.16 2 0
E-Commerce_Website_Database/internal/handlers/payment_handler.go:31.16,34.3 2 0
E-Commerce_Website_Database/internal/handlers/payment_handler.go:35.2,35.33 1 0
E-Commerce_Website_Database/internal/handlers/payment_handler.go:38.53,41.99 2 0
E-Commerce_Website_Database/internal/handlers/payment_handler.go:41.99,42.43 1 0
E-Commerce_Website_Database/internal/handlers/payment_handler.go:42.43,44.17 2 0
E-Commerce_Website_Database/internal/handlers/payment_handler.go:45.20,46.60 1 0
E-Commerce_Website_Database/internal/handlers/payment_handler.go:46.60,48.6 1 0
E-Commerce_Website_Database/internal/handlers/payment_handler.go:49.18,50.70 1 0
E-Commerce_Website_Database/internal/handlers/payment_handler.go:50.70,52.6 1 0
E-Commerce_Website_Database/internal/handlers/payment_handler.go:53.36,54.54 1 0
E-Commerce_Website_Database/internal/handlers/payment_handler.go:55.24,56.37 1 0
E-Commerce_Website_Database/internal/handlers/payment_handler.go:57.12,58.37 1 0
E-Commerce_Website_Database/internal/handlers/payment_handler.go:63.2,64.16 2 0
E-Commerce_Website_Database/internal/handlers/payment_handler.go:64.16,67.3 2 0
E-Commerce_Website_Database/internal/handlers/payment_handler.go:69.2,69.24 1 0
E-Commerce_Website_Database/internal/handlers/payment_handler.go:69.24,72.3 2 0
E-Commerce_Website_Database/internal/handlers/payment_handler.go:74.2,74.33 1 0
E-Commerce_Website_Database/internal/handlers/payment_handler.go:77.49,79.54 2 0
E-Commerce_Website_Database/internal/handlers/payment_handler.go:79.54,82.3 2 0
E-Commerce_Website_Database/internal/handlers/payment_handler.go:84.2,95.66 2 0
E-Commerce_Website_Database/internal/handlers/payment_handler.go:95.66,98.3 2 0
E-Commerce_Website_Database/internal/handlers/payment_handler.go:100.2,100.50 1 0
E-Commerce_Website_Database/internal/handlers/payment_handler.go:100.50,103.3 2 0
E-Commerce_Website_Database/internal/handlers/payment_handler.go:105.2,105.37 1 0
E-Commerce_Website_Database/internal/handlers/payment_handler.go:110.49,113.35 2 0
E-Commerce_Website_Database/internal/handlers/payment_handler.go:113.35,116.3 2 0
E-Commerce_Website_Database/internal/handlers/payment_handler.go:118.2,119.58 2 0
E-Commerce_Website_Database/internal/handlers/payment_handler.go:119.58,122.3 2 0
E-Commerce_Website_Database/internal/handlers/payment_handler.go:124.2,125.69 2 0
E-Commerce_Website_Database/internal/handlers/payment_handler.go:125.69,128.3 2 0
E-Commerce_Website_Database/internal/handlers/payment_handler.go:130.2,136.70 6 0
E-Commerce_Website_Database/internal/handlers/payment_handler.go:136.70,139.3 2 0
E-Commerce_Website_Database/internal/handlers/payment_handler.go:141.2,141.48 1 0
E-Commerce_Website_Database/internal/handlers/payment_handler.go:141.48,144.3 2 0
E-Commerce_Website_Database/internal/handlers/payment_handler.go:146.2,146.32 1 0
E-Commerce_Website_Database/internal/handlers/payment_handler.go:151.49,155.44 3 0
E-Commerce_Website_Database/internal/handlers/payment_handler.go:155.44,159.3 3 0
E-Commerce_Website_Database/internal/handlers/payment_handler.go:161.2,161.99 1 0
E-Commerce_Website_Database/internal/handlers/payment_handler.go:161.99,164.3 2 0
E-Commerce_Website_Database/internal/handlers/payment_handler.go:166.2,166.35 1 0
E-Commerce_Website_Database/internal/handlers/payment_handler.go:169.97,170.14 1 0
E-Commerce_Website_Database/internal/handlers/payment_handler.go:171.52,172.62 1 0
E-Commerce_Website_Database/internal/handlers/payment_handler.go:173.60,174.60 1 0
E-Commerce_Website_Database/internal/handlers/payment_handler.go:175.45,176.44 1 0
E-Commerce_Website_Database/internal/handlers/payment_handler.go:177.56,178.50 1 0
E-Commerce_Website_Database/internal/handlers/payment_handler.go:179.45,180.60 1 0
E-Commerce_Website_Database/internal/handlers/payment_handler.go:182.2,182.19 1 0
E-Commerce_Website_Database/internal/handlers/product_handler.go:16.46,20.69 3 0
E-Commerce_Website_Database/internal/handlers/product_handler.go:20.69,23.3 2 0
E-Commerce_Website_Database/internal/handlers/product_handler.go:24.2,24.32 1 0
E-Commerce_Website_Database/internal/handlers/product_handler.go:29.47,31.16 2 0
E-Commerce_Website_Database/internal/handlers/product_handler.go:31.16,34.3 2 0
E-Commerce_Website_Database/internal/handlers/product_handler.go:35.2,35.33 1 0
E-Commerce_Website_Database/internal/handlers/product_handler.go:40.53,44.22 2 0
E-Commerce_Website_Database/internal/handlers/product_handler.go:44.22,47.3 2 0
E-Commerce_Website_Database/internal/handlers/product_handler.go:49.2,56.37 4 0
E-Commerce_Website_Database/internal/handlers/product_handler.go:56.37,57.16 1 0
E-Commerce_Website_Database/internal/handlers/product_handler.go:58.61,59.69 1 0
E-Commerce_Website_Database/internal/handlers/product_handler.go:59.69,61.5 1 0
E-Commerce_Website_Database/internal/handlers/product_handler.go:62.11,63.36 1 0
E-Commerce_Website_Database/internal/handlers/product_handler.go:68.2,69.16 2 0
E-Commerce_Website_Database/internal/handlers/product_handler.go:69.16,72.3 2 0
E-Commerce_Website_Database/internal/handlers/product_handler.go:74.2,74.24 1 0
E-Commerce_Website_Database/internal/handlers/product_handler.go:74.24,77.3 2 0
E-Commerce_Website_Database/internal/handlers/product_handler.go:79.2,79.33 1 0
E-Commerce_Website_Database/internal/handlers/product_handler.go:84.49,86.54 2 0
E-Commerce_Website_Database/internal/handlers/product_handler.go:86.54,89.3 2 0
E-Commerce_Website_Database/internal/handlers/product_handler.go:91.2,103.66 2 0
E-Commerce_Website_Database/internal/handlers/product_handler.go:103.66,106.3 2 0
E-Commerce_Website_Database/internal/handlers/product_handler.go:108.2,108.50 1 0
E-Commerce_Website_Database/internal/handlers/product_handler.go:108.50,111.3 2 0
E-Commerce_Website_Database/internal/handlers/product_handler.go:113.2,113.37 1 0
E-Commerce_Website_Database/internal/handlers/product_handler.go:118.49,121.35 2 0
E-Commerce_Website_Database/internal/handlers/product_handler.go:121.35,124.3 2 0
E-Commerce_Website_Database/internal/handlers/product_handler.go:126.2,127.54 2 0
E-Commerce_Website_Database/internal/handlers/product_handler.go:127.54,130.3 2 0
E-Commerce_Website_Database/internal/handlers/product_handler.go:132.2,133.69 2 0
E-Commerce_Website_Database/internal/handlers/product_handler.go:133.69,136.3 2 0
E-Commerce_Website_Database/internal/handlers/product_handler.go:138.2,145.66 7 0
E-Commerce_Website_Database/internal/handlers/product_handler.go:145.66,148.3 2 0
E-Commerce_Website_Database/internal/handlers/product_handler.go:150.2,150.48 1 0
E-Commerce_Website_Database/internal/handlers/product_handler.go:150.48,153.3 2 0
E-Commerce_Website_Database/internal/handlers/product_handler.go:155.2,155.32 1 0
E-Commerce_Website_Database/internal/handlers/product_handler.go:160.49,164.44 3 0
E-Commerce_Website_Database/internal/handlers/product_handler.go:164.44,168.3 3 0
E-Commerce_Website_Database/internal/handlers/product_handler.go:170.2,170.99 1 0
E-Commerce_Website_Database/internal/handlers/product_handler.go:170.99,173.3 2 0
E-Commerce_Website_Database/internal/handlers/product_handler.go:174.2,174.67 1 0
E-Commerce_Website_Database/internal/handlers/product_handler.go:179.97,180.14 1 0
E-Commerce_Website_Database/internal/handlers/product_handler.go:181.41,182.53 1 0
E-Commerce_Website_Database/internal/handlers/product_handler.go:183.55,184.60 1 0
E-Commerce_Website_Database/internal/handlers/product_handler.go:185.43,186.43 1 0
E-Commerce_Website_Database/internal/handlers/product_handler.go:187.60,188.52 1 0
E-Commerce_Website_Database/internal/handlers/product_handler.go:189.52,190.62 1 0
E-Commerce_Website_Database/internal/handlers/product_handler.go:191.58,192.65 1 0
E-Commerce_Website_Database/internal/handlers/product_handler.go:194.2,194.19 1 0
E-Commerce_Website_Database/internal/handlers/review_handler.go:14.45,18.68 3 0
E-Commerce_Website_Database/internal/handlers/review_handler.go:18.68,21.3 2 0
E-Commerce_Website_Database/internal/handlers/review_handler.go:22.2,22.31 1 0
E-Commerce_Website_Database/internal/handlers/review_handler.go:25.46,27.16 2 0
E-Commerce_Website_Database/internal/handlers/review_handler.go:27.16,30.3 2 0
E-Commerce_Website_Database/internal/handlers/review_handler.go:31.2,31.32 1 0
E-Commerce_Website_Database/internal/handlers/review_handler.go:34.52,37.94 2 0
E-Commerce_Website_Database/internal/handlers/review_handler.go:37.94,38.43 1 0
E-Commerce_Website_Database/internal/handlers/review_handler.go:38.43,40.17 2 0
E-Commerce_Website_Database/internal/handlers/review_handler.go:41.43,42.60 1 0
E-Commerce_Website_Database/internal/handlers/review_handler.go:42.60,44.6 1 0
E-Commerce_Website_Database/internal/handlers/review_handler.go:45.34,46.37 1 0
E-Commerce_Website_Database/internal/handlers/review_handler.go:47.12,48.37 1 0
E-Commerce_Website_Database/internal/handlers/review_handler.go:53.2,54.16 2 0
E-Commerce_Website_Database/internal/handlers/review_handler.go:54.16,57.3 2 0
E-Commerce_Website_Database/internal/handlers/review_handler.go:59.2,59.23 1 0
E-Commerce_Website_Database/internal/handlers/review_handler.go:59.23,62.3 2 0
E-Commerce_Website_Database/internal/handlers/review_handler.go:64.2,64.32 1 0
E-Commerce_Website_Database/internal/handlers/review_handler.go:67.48,69.53 2 0
E-Commerce_Website_Database/internal/handlers/review_handler.go:69.53,72.3 2 0
E-Commerce_Website_Database/internal/handlers/review_handler.go:74.2,85.63 2 0
E-Commerce_Website_Database/internal/handlers/review_handler.go:85.63,88.3 2 0
E-Commerce_Website_Database/internal/handlers/review_handler.go:90.2,90.49 1 0
E-Commerce_Website_Database/internal/handlers/review_handler.go:90.49,93.3 2 0
E-Commerce_Website_Database/internal/handlers/review_handler.go:95.2,95.36 1 0
E-Commerce_Website_Database/internal/handlers/review_handler.go:98.48,101.34 2 0
E-Commerce_Website_Database/internal/handlers/review_handler.go:101.34,104.3 2 0
E-Commerce_Website_Database/internal/handlers/review_handler.go:106.2,107.57 2 0
E-Commerce_Website_Database/internal/handlers/review_handler.go:107.57,110.3 2 0
E-Commerce_Website_Database/internal/handlers/review_handler.go:112.2,113.68 2 0
E-Commerce_Website_Database/internal/handlers/review_handler.go:113.68,116.3 2 0
E-Commerce_Website_Database/internal/handlers/review_handler.go:118.2,124.67 6 0
E-Commerce_Website_Database/internal/handlers/review_handler.go:124.67,127.3 2 0
E-Commerce_Website_Database/internal/handlers/review_handler.go:129.2,129.47 1 0
E-Commerce_Website_Database/internal/handlers/review_handler.go:129.47,132.3 2 0
E-Commerce_Website_Database/internal/handlers/review_handler.go:134.2,134.31 1 0
E-Commerce_Website_Database/internal/handlers/review_handler.go:137.48,141.43 3 0
E-Commerce_Website_Database/internal/handlers/review_handler.go:141.43,145.3 3 0
E-Commerce_Website_Database/internal/handlers/review_handler.go:147.2,147.98 1 0
E-Commerce_Website_Database/internal/handlers/review_handler.go:147.98,150.3 2 0
E-Commerce_Website_Database/internal/handlers/review_handler.go:152.2,152.35 1 0
E-Commerce_Website_Database/internal/handlers/review_handler.go:155.92,156.14 1 0
E-Commerce_Website_Database/internal/handlers/review_handler.go:157.54,158.64 1 0
E-Commerce_Website_Database/internal/handlers/review_handler.go:159.48,160.61 1 0
E-Commerce_Website_Database/internal/handlers/review_handler.go:161.43,162.68 1 0
E-Commerce_Website_Database/internal/handlers/review_handler.go:163.45,164.54 1 0
E-Commerce_Website_Database/internal/handlers/review_handler.go:165.52,166.57 1 0
E-Commerce_Website_Database/internal/handlers/review_handler.go:168.2,168.19 1 0
E-Commerce_Website_Database/internal/handlers/shippingDetails_handler.go:14.53,18.76 3 0
E-Commerce_Website_Database/internal/handlers/shippingDetails_handler.go:18.76,21.3 2 0
E-Commerce_Website_Database/internal/handlers/shippingDetails_handler.go:22.2,22.39 1 0
E-Commerce_Website_Database/internal/handlers/shippingDetails_handler.go:25.54,27.16 2 0
E-Commerce_Website_Database/internal/handlers/shippingDetails_handler.go:27.16,30.3 2 0
E-Commerce_Website_Database/internal/handlers/shippingDetails_handler.go:31.2,31.40 1 0
E-Commerce_Website_Database/internal/handlers/shippingDetails_handler.go:34.60,37.104 2 0
E-Commerce_Website_Database/internal/handlers/shippingDetails_handler.go:37.104,38.43 1 0
E-Commerce_Website_Database/internal/handlers/shippingDetails_handler.go:38.43,40.17 2 0
E-Commerce_Website_Database/internal/handlers/shippingDetails_handler.go:41.20,42.60 1 0
E-Commerce_Website_Database/internal/handlers/shippingDetails_handler.go:42.60,44.6 1 0
E-Commerce_Website_Database/internal/handlers/shippingDetails_handler.go:45.57,46.37 1 0
E-Commerce_Website_Database/internal/handlers/shippingDetails_handler.go:47.18,48.54 1 0
E-Commerce_Website_Database/internal/handlers/shippingDetails_handler.go:49.12,50.37 1 0
E-Commerce_Website_Database/internal/handlers/shippingDetails_handler.go:55.2,56.16 2 0
E-Commerce_Website_Database/internal/handlers/shippingDetails_handler.go:56.16,59.3 2 0
E-Commerce_Website_Database/internal/handlers/shippingDetails_handler.go:61.2,61.30 1 0
E-Commerce_Website_Database/internal/handlers/shippingDetails_handler.go:61.30,64.3 2 0
E-Commerce_Website_Database/internal/handlers/shippingDetails_handler.go:66.2,66.39 1 0
E-Commerce_Website_Database/internal/handlers/shippingDetails_handler.go:69.56,71.61 2 0
E-Commerce_Website_Database/internal/handlers/shippingDetails_handler.go:71.61,74.3 2 0
E-Commerce_Website_Database/internal/handlers/shippingDetails_handler.go:76.2,87.87 2 0
E-Commerce_Website_Database/internal/handlers/shippingDetails_handler.go:87.87,90.3 2 0
E-Commerce_Website_Database/internal/handlers/shippingDetails_handler.go:92.2,92.57 1 0
E-Commerce_Website_Database/internal/handlers/shippingDetails_handler.go:92.57,95.3 2 0
E-Commerce_Website_Database/internal/handlers/shippingDetails_handler.go:97.2,97.44 1 0
E-Commerce_Website_Database/internal/handlers/shippingDetails_handler.go:100.56,103.43 2 0
E-Commerce_Website_Database/internal/handlers/shippingDetails_handler.go:103.43,106.3 2 0
E-Commerce_Website_Database/internal/handlers/shippingDetails_handler.go:108.2,109.65 2 0
E-Commerce_Website_Database/internal/handlers/shippingDetails_handler.go:109.65,112.3 2 0
E-Commerce_Website_Database/internal/handlers/shippingDetails_handler.go:114.2,115.76 2 0
E-Commerce_Website_Database/internal/handlers/shippingDetails_handler.go:115.76,118.3 2 0
E-Commerce_Website_Database/internal/handlers/shippingDetails_handler.go:120.2,126.91 6 0
E-Commerce_Website_Database/internal/handlers/shippingDetails_handler.go:126.91,129.3 2 0
E-Commerce_Website_Database/internal/handlers/shippingDetails_handler.go:131.2,131.55 1 0
E-Commerce_Website_Database/internal/handlers/shippingDetails_handler.go:131.55,134.3 2 0
E-Commerce_Website_Database/internal/handlers/shippingDetails_handler.go:136.2,136.39 1 0
E-Commerce_Website_Database/internal/handlers/shippingDetails_handler.go:139.56,143.52 3 0
E-Commerce_Website_Database/internal/handlers/shippingDetails_handler.go:143.52,147.3 3 0
E-Commerce_Website_Database/internal/handlers/shippingDetails_handler.go:149.2,149.107 1 0
E-Commerce_Website_Database/internal/handlers/shippingDetails_handler.go:149.107,152.3 2 0
E-Commerce_Website_Database/internal/handlers/shippingDetails_handler.go:154.2,154.35 1 0
E-Commerce_Website_Database/internal/handlers/shippingDetails_handler.go:157.134,158.14 1 0
E-Commerce_Website_Database/internal/handlers/shippingDetails_handler.go:159.66,160.62 1 0
E-Commerce_Website_Database/internal/handlers/shippingDetails_handler.go:161.61,162.45 1 0
E-Commerce_Website_Database/internal/handlers/shippingDetails_handler.go:163.72,164.59 1 0
E-Commerce_Website_Database/internal/handlers/shippingDetails_handler.go:165.80,166.59 1 0
E-Commerce_Website_Database/internal/handlers/shippingDetails_handler.go:167.59,168.49 1 0
E-Commerce_Website_Database/internal/handlers/shippingDetails_handler.go:170.2,170.19 1 0
E-Commerce_Website_Database/internal/handlers/user_handler.go:16.43,20.75 3 0
E-Commerce_Website_Database/internal/handlers/user_handler.go:20.75,23.3 2 0
E-Commerce_Website_Database/internal/handlers/user_handler.go:25.2,25.29 1 0
E-Commerce_Website_Database/internal/handlers/user_handler.go:30.44,33.16 2 0
E-Commerce_Website_Database/internal/handlers/user_handler.go:33.16,36.3 2 0
E-Commerce_Website_Database/internal/handlers/user_handler.go:38.2,38.30 1 0
E-Commerce_Website_Database/internal/handlers/user_handler.go:43.50,46.92 2 0
E-Commerce_Website_Database/internal/handlers/user_handler.go:46.92,47.43 1 0
E-Commerce_Website_Database/internal/handlers/user_handler.go:47.43,50.4 2 0
E-Commerce_Website_Database/internal/handlers/user_handler.go:53.2,54.16 2 0
E-Commerce_Website_Database/internal/handlers/user_handler.go:54.16,57.3 2 0
E-Commerce_Website_Database/internal/handlers/user_handler.go:59.2,59.21 1 0
E-Commerce_Website_Database/internal/handlers/user_handler.go:59.21,62.3 2 0
E-Commerce_Website_Database/internal/handlers/user_handler.go:64.2,64.30 1 0
E-Commerce_Website_Database/internal/handlers/user_handler.go:69.46,72.51 2 0
E-Commerce_Website_Database/internal/handlers/user_handler.go:72.51,75.3 2 0
E-Commerce_Website_Database/internal/handlers/user_handler.go:76.2,77.16 2 0
E-Commerce_Website_Database/internal/handlers/user_handler.go:77.16,80.3 2 0
E-Commerce_Website_Database/internal/handlers/user_handler.go:82.2,95.53 2 0
E-Commerce_Website_Database/internal/handlers/user_handler.go:95.53,98.3 2 0
E-Commerce_Website_Database/internal/handlers/user_handler.go:100.2,100.47 1 0
E-Commerce_Website_Database/internal/handlers/user_handler.go:100.47,103.3 2 0
E-Commerce_Website_Database/internal/handlers/user_handler.go:105.2,105.34 1 0
E-Commerce_Website_Database/internal/handlers/user_handler.go:110.46,113.32 2 0
E-Commerce_Website_Database/internal/handlers/user_handler.go:113.32,116.3 2 0
E-Commerce_Website_Database/internal/handlers/user_handler.go:118.2,119.51 2 0
E-Commerce_Website_Database/internal/handlers/user_handler.go:119.51,122.3 2 0
E-Commerce_Website_Database/internal/handlers/user_handler.go:125.2,126.50 2 0
E-Commerce_Website_Database/internal/handlers/user_handler.go:126.50,129.3 2 0
E-Commerce_Website_Database/internal/handlers/user_handler.go:132.2,139.53 7 0
E-Commerce_Website_Database/internal/handlers/user_handler.go:139.53,142.3 2 0
E-Commerce_Website_Database/internal/handlers/user_handler.go:144.2,144.45 1 0
E-Commerce_Website_Database/internal/handlers/user_handler.go:144.45,147.3 2 0
E-Commerce_Website_Database/internal/handlers/user_handler.go:149.2,149.29 1 0
E-Commerce_Website_Database/internal/handlers/user_handler.go:154.46,158.41 3 0
E-Commerce_Website_Database/internal/handlers/user_handler.go:158.41,162.3 3 0
E-Commerce_Website_Database/internal/handlers/user_handler.go:164.2,164.96 1 0
E-Commerce_Website_Database/internal/handlers/user_handler.go:164.96,167.3 2 0
E-Commerce_Website_Database/internal/handlers/user_handler.go:169.2,169.64 1 0
E-Commerce_Website_Database/internal/handlers/user_handler.go:174.69,175.14 1 0
E-Commerce_Website_Database/internal/handlers/user_handler.go:176.46,177.59 1 0
E-Commerce_Website_Database/internal/handlers/user_handler.go:178.44,179.58 1 0
E-Commerce_Website_Database/internal/handlers/user_handler.go:180.43,181.46 1 0
E-Commerce_Website_Database/internal/handlers/user_handler.go:182.43,183.46 1 0
E-Commerce_Website_Database/internal/handlers/user_handler.go:184.37,185.43 1 0
E-Commerce_Website_Database/internal/handlers/user_handler.go:186.41,187.45 1 0
E-Commerce_Website_Database/internal/handlers/user_handler.go:189.2,189.19 1 0
E-Commerce_Website_Database/internal/handlers/user_handler.go:192.70,194.78 2 1
E-Commerce_Website_Database/internal/handlers/user_handler.go:194.78,196.3 1 1
E-Commerce_Website_Database/internal/handlers/user_handler.go:197.2,197.19 1 1
